{"/Users/davidcutura/Projects/ReactTicketing/platform/src/components/ErrorBoundary.tsx": {"path":"/Users/davidcutura/Projects/ReactTicketing/platform/src/components/ErrorBoundary.tsx","statementMap":{"0":{"start":{"line":12,"column":24},"end":{"line":15,"column":null}},"1":{"start":{"line":17,"column":4},"end":{"line":20,"column":null}},"2":{"start":{"line":23,"column":4},"end":{"line":23,"column":null}},"3":{"start":{"line":27,"column":4},"end":{"line":69,"column":null}},"4":{"start":{"line":28,"column":6},"end":{"line":68,"column":null}},"5":{"start":{"line":66,"column":35},"end":{"line":66,"column":63}},"6":{"start":{"line":70,"column":4},"end":{"line":70,"column":null}}},"fnMap":{"0":{"name":"getDerivedStateFromError","decl":{"start":{"line":16,"column":16},"end":{"line":16,"column":41}},"loc":{"start":{"line":16,"column":62},"end":{"line":21,"column":null}},"line":16},"1":{"name":"componentDidCatch","decl":{"start":{"line":22,"column":2},"end":{"line":22,"column":9}},"loc":{"start":{"line":22,"column":69},"end":{"line":24,"column":null}},"line":22},"2":{"name":"render","decl":{"start":{"line":25,"column":2},"end":{"line":25,"column":9}},"loc":{"start":{"line":25,"column":18},"end":{"line":71,"column":null}},"line":25},"3":{"name":"(anonymous_3)","decl":{"start":{"line":66,"column":20},"end":{"line":66,"column":35}},"loc":{"start":{"line":66,"column":35},"end":{"line":66,"column":63}},"line":66}},"branchMap":{"0":{"loc":{"start":{"line":27,"column":4},"end":{"line":69,"column":null}},"type":"if","locations":[{"start":{"line":27,"column":4},"end":{"line":69,"column":null}},{"start":{},"end":{}}],"line":27}},"s":{"0":3,"1":2,"2":1,"3":5,"4":2,"5":0,"6":3},"f":{"0":1,"1":1,"2":5,"3":0},"b":{"0":[2,3]},"meta":{"lastBranch":1,"lastFunction":4,"lastStatement":7,"seen":{"s:12:24:15:Infinity":0,"f:16:16:16:41":0,"s:17:4:20:Infinity":1,"f:22:2:22:9":1,"s:23:4:23:Infinity":2,"f:25:2:25:9":2,"b:27:4:69:Infinity:undefined:undefined:undefined:undefined":0,"s:27:4:69:Infinity":3,"s:28:6:68:Infinity":4,"f:66:20:66:35":3,"s:66:35:66:63":5,"s:70:4:70:Infinity":6},"fnNames":{}}}
,"/Users/davidcutura/Projects/ReactTicketing/platform/src/components/Skeleton.tsx": {"path":"/Users/davidcutura/Projects/ReactTicketing/platform/src/components/Skeleton.tsx","statementMap":{"0":{"start":{"line":4,"column":2},"end":{"line":22,"column":null}}},"fnMap":{"0":{"name":"Skeleton","decl":{"start":{"line":3,"column":24},"end":{"line":3,"column":33}},"loc":{"start":{"line":3,"column":193},"end":{"line":24,"column":null}},"line":3}},"branchMap":{"0":{"loc":{"start":{"line":3,"column":35},"end":{"line":3,"column":51}},"type":"default-arg","locations":[{"start":{"line":3,"column":43},"end":{"line":3,"column":51}}],"line":3},"1":{"loc":{"start":{"line":3,"column":51},"end":{"line":3,"column":68}},"type":"default-arg","locations":[{"start":{"line":3,"column":60},"end":{"line":3,"column":68}}],"line":3},"2":{"loc":{"start":{"line":3,"column":68},"end":{"line":3,"column":90}},"type":"default-arg","locations":[{"start":{"line":3,"column":83},"end":{"line":3,"column":90}}],"line":3},"3":{"loc":{"start":{"line":3,"column":90},"end":{"line":3,"column":193}},"type":"default-arg","locations":[{"start":{"line":3,"column":98},"end":{"line":3,"column":193}}],"line":3}},"s":{"0":2},"f":{"0":2},"b":{"0":[2],"1":[2],"2":[2],"3":[2]},"meta":{"lastBranch":4,"lastFunction":1,"lastStatement":1,"seen":{"f:3:24:3:33":0,"b:3:43:3:51":0,"b:3:60:3:68":1,"b:3:83:3:90":2,"b:3:98:3:193":3,"s:4:2:22:Infinity":0},"fnNames":{}}}
,"/Users/davidcutura/Projects/ReactTicketing/platform/src/components/Toast.tsx": {"path":"/Users/davidcutura/Projects/ReactTicketing/platform/src/components/Toast.tsx","statementMap":{"0":{"start":{"line":9,"column":6},"end":{"line":9,"column":null}},"1":{"start":{"line":12,"column":16},"end":{"line":12,"column":null}},"2":{"start":{"line":14,"column":20},"end":{"line":17,"column":null}},"3":{"start":{"line":15,"column":4},"end":{"line":15,"column":null}},"4":{"start":{"line":16,"column":4},"end":{"line":16,"column":null}},"5":{"start":{"line":16,"column":21},"end":{"line":16,"column":37}},"6":{"start":{"line":19,"column":2},"end":{"line":39,"column":null}},"7":{"start":{"line":45,"column":8},"end":{"line":45,"column":null}},"8":{"start":{"line":46,"column":2},"end":{"line":46,"column":null}},"9":{"start":{"line":46,"column":16},"end":{"line":46,"column":null}},"10":{"start":{"line":47,"column":2},"end":{"line":47,"column":null}}},"fnMap":{"0":{"name":"ToastProvider","decl":{"start":{"line":11,"column":16},"end":{"line":11,"column":30}},"loc":{"start":{"line":11,"column":75},"end":{"line":41,"column":null}},"line":11},"1":{"name":"(anonymous_1)","decl":{"start":{"line":14,"column":26},"end":{"line":14,"column":39}},"loc":{"start":{"line":14,"column":85},"end":{"line":17,"column":5}},"line":14},"2":{"name":"(anonymous_2)","decl":{"start":{"line":16,"column":4},"end":{"line":16,"column":21}},"loc":{"start":{"line":16,"column":21},"end":{"line":16,"column":37}},"line":16},"3":{"name":"useToast","decl":{"start":{"line":44,"column":16},"end":{"line":44,"column":27}},"loc":{"start":{"line":44,"column":27},"end":{"line":48,"column":null}},"line":44}},"branchMap":{"0":{"loc":{"start":{"line":14,"column":56},"end":{"line":14,"column":85}},"type":"default-arg","locations":[{"start":{"line":14,"column":74},"end":{"line":14,"column":85}}],"line":14},"1":{"loc":{"start":{"line":22,"column":7},"end":{"line":31,"column":null}},"type":"binary-expr","locations":[{"start":{"line":22,"column":7},"end":{"line":22,"column":null}},{"start":{"line":23,"column":8},"end":{"line":31,"column":null}}],"line":22},"2":{"loc":{"start":{"line":26,"column":27},"end":{"line":26,"column":null}},"type":"cond-expr","locations":[{"start":{"line":26,"column":52},"end":{"line":26,"column":64}},{"start":{"line":26,"column":64},"end":{"line":26,"column":null}}],"line":26},"3":{"loc":{"start":{"line":26,"column":64},"end":{"line":26,"column":null}},"type":"cond-expr","locations":[{"start":{"line":26,"column":91},"end":{"line":26,"column":103}},{"start":{"line":26,"column":103},"end":{"line":26,"column":null}}],"line":26},"4":{"loc":{"start":{"line":46,"column":2},"end":{"line":46,"column":null}},"type":"if","locations":[{"start":{"line":46,"column":2},"end":{"line":46,"column":null}},{"start":{},"end":{}}],"line":46}},"s":{"0":1,"1":3,"2":3,"3":1,"4":1,"5":1,"6":3,"7":3,"8":3,"9":0,"10":3},"f":{"0":3,"1":1,"2":1,"3":3},"b":{"0":[1],"1":[3,1],"2":[0,1],"3":[1,0],"4":[0,3]},"meta":{"lastBranch":5,"lastFunction":4,"lastStatement":11,"seen":{"s:9:6:9:Infinity":0,"f:11:16:11:30":0,"s:12:16:12:Infinity":1,"s:14:20:17:Infinity":2,"f:14:26:14:39":1,"b:14:74:14:85":0,"s:15:4:15:Infinity":3,"s:16:4:16:Infinity":4,"f:16:4:16:21":2,"s:16:21:16:37":5,"s:19:2:39:Infinity":6,"b:22:7:22:Infinity:23:8:31:Infinity":1,"b:26:52:26:64:26:64:26:Infinity":2,"b:26:91:26:103:26:103:26:Infinity":3,"f:44:16:44:27":3,"s:45:8:45:Infinity":7,"b:46:2:46:Infinity:undefined:undefined:undefined:undefined":4,"s:46:2:46:Infinity":8,"s:46:16:46:Infinity":9,"s:47:2:47:Infinity":10},"fnNames":{}}}
,"/Users/davidcutura/Projects/ReactTicketing/platform/src/contexts/LanguageContext.tsx": {"path":"/Users/davidcutura/Projects/ReactTicketing/platform/src/contexts/LanguageContext.tsx","statementMap":{"0":{"start":{"line":14,"column":6},"end":{"line":14,"column":null}},"1":{"start":{"line":16,"column":13},"end":{"line":45,"column":null}},"2":{"start":{"line":17,"column":19},"end":{"line":17,"column":null}},"3":{"start":{"line":19,"column":46},"end":{"line":24,"column":null}},"4":{"start":{"line":26,"column":8},"end":{"line":38,"column":null}},"5":{"start":{"line":27,"column":4},"end":{"line":37,"column":null}},"6":{"start":{"line":28,"column":19},"end":{"line":28,"column":null}},"7":{"start":{"line":29,"column":6},"end":{"line":29,"column":null}},"8":{"start":{"line":29,"column":68},"end":{"line":29,"column":null}},"9":{"start":{"line":30,"column":19},"end":{"line":30,"column":null}},"10":{"start":{"line":31,"column":20},"end":{"line":31,"column":null}},"11":{"start":{"line":32,"column":6},"end":{"line":35,"column":null}},"12":{"start":{"line":33,"column":8},"end":{"line":33,"column":null}},"13":{"start":{"line":33,"column":55},"end":{"line":33,"column":null}},"14":{"start":{"line":34,"column":8},"end":{"line":34,"column":null}},"15":{"start":{"line":36,"column":6},"end":{"line":36,"column":null}},"16":{"start":{"line":40,"column":2},"end":{"line":43,"column":null}},"17":{"start":{"line":47,"column":13},"end":{"line":53,"column":null}},"18":{"start":{"line":48,"column":8},"end":{"line":48,"column":null}},"19":{"start":{"line":49,"column":2},"end":{"line":51,"column":null}},"20":{"start":{"line":50,"column":4},"end":{"line":50,"column":null}},"21":{"start":{"line":52,"column":2},"end":{"line":52,"column":null}}},"fnMap":{"0":{"name":"(anonymous_0)","decl":{"start":{"line":16,"column":13},"end":{"line":16,"column":33}},"loc":{"start":{"line":16,"column":75},"end":{"line":45,"column":null}},"line":16},"1":{"name":"(anonymous_1)","decl":{"start":{"line":26,"column":12},"end":{"line":26,"column":26}},"loc":{"start":{"line":26,"column":26},"end":{"line":38,"column":5}},"line":26},"2":{"name":"(anonymous_2)","decl":{"start":{"line":27,"column":4},"end":{"line":27,"column":12}},"loc":{"start":{"line":27,"column":28},"end":{"line":37,"column":null}},"line":27},"3":{"name":"(anonymous_3)","decl":{"start":{"line":47,"column":13},"end":{"line":47,"column":33}},"loc":{"start":{"line":47,"column":33},"end":{"line":53,"column":null}},"line":47}},"branchMap":{"0":{"loc":{"start":{"line":29,"column":6},"end":{"line":29,"column":null}},"type":"if","locations":[{"start":{"line":29,"column":6},"end":{"line":29,"column":null}},{"start":{},"end":{}}],"line":29},"1":{"loc":{"start":{"line":29,"column":10},"end":{"line":29,"column":68}},"type":"binary-expr","locations":[{"start":{"line":29,"column":10},"end":{"line":29,"column":37}},{"start":{"line":29,"column":37},"end":{"line":29,"column":68}}],"line":29},"2":{"loc":{"start":{"line":33,"column":8},"end":{"line":33,"column":null}},"type":"if","locations":[{"start":{"line":33,"column":8},"end":{"line":33,"column":null}},{"start":{},"end":{}}],"line":33},"3":{"loc":{"start":{"line":33,"column":12},"end":{"line":33,"column":55}},"type":"binary-expr","locations":[{"start":{"line":33,"column":12},"end":{"line":33,"column":37}},{"start":{"line":33,"column":37},"end":{"line":33,"column":55}}],"line":33},"4":{"loc":{"start":{"line":36,"column":13},"end":{"line":36,"column":null}},"type":"cond-expr","locations":[{"start":{"line":36,"column":43},"end":{"line":36,"column":53}},{"start":{"line":36,"column":53},"end":{"line":36,"column":null}}],"line":36},"5":{"loc":{"start":{"line":49,"column":2},"end":{"line":51,"column":null}},"type":"if","locations":[{"start":{"line":49,"column":2},"end":{"line":51,"column":null}},{"start":{},"end":{}}],"line":49}},"s":{"0":4,"1":4,"2":9,"3":9,"4":9,"5":9,"6":24,"7":24,"8":23,"9":1,"10":1,"11":1,"12":2,"13":1,"14":1,"15":1,"16":9,"17":4,"18":13,"19":13,"20":2,"21":11},"f":{"0":9,"1":9,"2":24,"3":13},"b":{"0":[23,1],"1":[24,23],"2":[1,1],"3":[2,1],"4":[0,1],"5":[2,11]},"meta":{"lastBranch":6,"lastFunction":4,"lastStatement":22,"seen":{"s:14:6:14:Infinity":0,"s:16:13:45:Infinity":1,"f:16:13:16:33":0,"s:17:19:17:Infinity":2,"s:19:46:24:Infinity":3,"s:26:8:38:Infinity":4,"f:26:12:26:26":1,"s:27:4:37:Infinity":5,"f:27:4:27:12":2,"s:28:19:28:Infinity":6,"b:29:6:29:Infinity:undefined:undefined:undefined:undefined":0,"s:29:6:29:Infinity":7,"b:29:10:29:37:29:37:29:68":1,"s:29:68:29:Infinity":8,"s:30:19:30:Infinity":9,"s:31:20:31:Infinity":10,"s:32:6:35:Infinity":11,"b:33:8:33:Infinity:undefined:undefined:undefined:undefined":2,"s:33:8:33:Infinity":12,"b:33:12:33:37:33:37:33:55":3,"s:33:55:33:Infinity":13,"s:34:8:34:Infinity":14,"s:36:6:36:Infinity":15,"b:36:43:36:53:36:53:36:Infinity":4,"s:40:2:43:Infinity":16,"s:47:13:53:Infinity":17,"f:47:13:47:33":3,"s:48:8:48:Infinity":18,"b:49:2:51:Infinity:undefined:undefined:undefined:undefined":5,"s:49:2:51:Infinity":19,"s:50:4:50:Infinity":20,"s:52:2:52:Infinity":21},"fnNames":{}}}
,"/Users/davidcutura/Projects/ReactTicketing/platform/src/features/marketplace/CheckoutSummary.tsx": {"path":"/Users/davidcutura/Projects/ReactTicketing/platform/src/features/marketplace/CheckoutSummary.tsx","statementMap":{"0":{"start":{"line":29,"column":4},"end":{"line":30,"column":null}},"1":{"start":{"line":31,"column":2},"end":{"line":131,"column":null}},"2":{"start":{"line":45,"column":39},"end":{"line":52,"column":16}},"3":{"start":{"line":67,"column":86},"end":{"line":67,"column":116}}},"fnMap":{"0":{"name":"CheckoutSummary","decl":{"start":{"line":3,"column":24},"end":{"line":3,"column":40}},"loc":{"start":{"line":27,"column":3},"end":{"line":132,"column":null}},"line":27},"1":{"name":"(anonymous_1)","decl":{"start":{"line":45,"column":21},"end":{"line":45,"column":26}},"loc":{"start":{"line":45,"column":39},"end":{"line":52,"column":16}},"line":45},"2":{"name":"(anonymous_2)","decl":{"start":{"line":67,"column":71},"end":{"line":67,"column":81}},"loc":{"start":{"line":67,"column":86},"end":{"line":67,"column":116}},"line":67}},"branchMap":{"0":{"loc":{"start":{"line":51,"column":22},"end":{"line":51,"column":53}},"type":"binary-expr","locations":[{"start":{"line":51,"column":22},"end":{"line":51,"column":48}},{"start":{"line":51,"column":48},"end":{"line":51,"column":53}}],"line":51},"1":{"loc":{"start":{"line":68,"column":41},"end":{"line":68,"column":86}},"type":"cond-expr","locations":[{"start":{"line":68,"column":56},"end":{"line":68,"column":72}},{"start":{"line":68,"column":72},"end":{"line":68,"column":86}}],"line":68},"2":{"loc":{"start":{"line":69,"column":13},"end":{"line":69,"column":null}},"type":"cond-expr","locations":[{"start":{"line":69,"column":28},"end":{"line":69,"column":39}},{"start":{"line":69,"column":39},"end":{"line":69,"column":null}}],"line":69},"3":{"loc":{"start":{"line":72,"column":9},"end":{"line":76,"column":null}},"type":"binary-expr","locations":[{"start":{"line":72,"column":9},"end":{"line":72,"column":23}},{"start":{"line":72,"column":23},"end":{"line":76,"column":null}}],"line":72},"4":{"loc":{"start":{"line":95,"column":9},"end":{"line":102,"column":null}},"type":"binary-expr","locations":[{"start":{"line":95,"column":9},"end":{"line":95,"column":25}},{"start":{"line":95,"column":25},"end":{"line":102,"column":null}}],"line":95},"5":{"loc":{"start":{"line":128,"column":11},"end":{"line":128,"column":null}},"type":"cond-expr","locations":[{"start":{"line":128,"column":35},"end":{"line":128,"column":54}},{"start":{"line":128,"column":54},"end":{"line":128,"column":null}}],"line":128}},"s":{"0":3,"1":3,"2":6,"3":0},"f":{"0":3,"1":6,"2":0},"b":{"0":[6,0],"1":[1,2],"2":[1,2],"3":[3,1],"4":[3,1],"5":[1,2]},"meta":{"lastBranch":6,"lastFunction":3,"lastStatement":4,"seen":{"f:3:24:3:40":0,"s:29:4:30:Infinity":0,"s:31:2:131:Infinity":1,"f:45:21:45:26":1,"s:45:39:52:16":2,"b:51:22:51:48:51:48:51:53":0,"f:67:71:67:81":2,"s:67:86:67:116":3,"b:68:56:68:72:68:72:68:86":1,"b:69:28:69:39:69:39:69:Infinity":2,"b:72:9:72:23:72:23:76:Infinity":3,"b:95:9:95:25:95:25:102:Infinity":4,"b:128:35:128:54:128:54:128:Infinity":5},"fnNames":{}}}
,"/Users/davidcutura/Projects/ReactTicketing/platform/src/hooks/useCheckout.ts": {"path":"/Users/davidcutura/Projects/ReactTicketing/platform/src/hooks/useCheckout.ts","statementMap":{"0":{"start":{"line":5,"column":25},"end":{"line":5,"column":null}},"1":{"start":{"line":6,"column":22},"end":{"line":6,"column":null}},"2":{"start":{"line":7,"column":18},"end":{"line":7,"column":null}},"3":{"start":{"line":9,"column":2},"end":{"line":36,"column":null}},"4":{"start":{"line":11,"column":23},"end":{"line":15,"column":null}},"5":{"start":{"line":17,"column":6},"end":{"line":17,"column":null}},"6":{"start":{"line":20,"column":31},"end":{"line":20,"column":null}},"7":{"start":{"line":21,"column":6},"end":{"line":31,"column":null}},"8":{"start":{"line":22,"column":20},"end":{"line":22,"column":null}},"9":{"start":{"line":23,"column":24},"end":{"line":23,"column":null}},"10":{"start":{"line":23,"column":40},"end":{"line":23,"column":55}},"11":{"start":{"line":24,"column":8},"end":{"line":30,"column":null}},"12":{"start":{"line":24,"column":21},"end":{"line":24,"column":24}},"13":{"start":{"line":25,"column":10},"end":{"line":29,"column":null}},"14":{"start":{"line":32,"column":6},"end":{"line":32,"column":null}},"15":{"start":{"line":33,"column":6},"end":{"line":33,"column":null}},"16":{"start":{"line":35,"column":4},"end":{"line":35,"column":null}},"17":{"start":{"line":38,"column":8},"end":{"line":45,"column":null}},"18":{"start":{"line":39,"column":4},"end":{"line":44,"column":null}},"19":{"start":{"line":39,"column":27},"end":{"line":44,"column":6}},"20":{"start":{"line":40,"column":6},"end":{"line":42,"column":null}},"21":{"start":{"line":41,"column":8},"end":{"line":41,"column":null}},"22":{"start":{"line":43,"column":6},"end":{"line":43,"column":null}},"23":{"start":{"line":47,"column":24},"end":{"line":47,"column":null}},"24":{"start":{"line":47,"column":55},"end":{"line":47,"column":92}},"25":{"start":{"line":49,"column":26},"end":{"line":126,"column":null}},"26":{"start":{"line":60,"column":31},"end":{"line":60,"column":null}},"27":{"start":{"line":61,"column":4},"end":{"line":61,"column":null}},"28":{"start":{"line":61,"column":15},"end":{"line":61,"column":null}},"29":{"start":{"line":63,"column":4},"end":{"line":125,"column":null}},"30":{"start":{"line":64,"column":22},"end":{"line":64,"column":null}},"31":{"start":{"line":65,"column":28},"end":{"line":65,"column":null}},"32":{"start":{"line":68,"column":25},"end":{"line":71,"column":null}},"33":{"start":{"line":69,"column":21},"end":{"line":69,"column":null}},"34":{"start":{"line":69,"column":37},"end":{"line":69,"column":52}},"35":{"start":{"line":70,"column":8},"end":{"line":70,"column":null}},"36":{"start":{"line":73,"column":24},"end":{"line":82,"column":null}},"37":{"start":{"line":85,"column":30},"end":{"line":109,"column":null}},"38":{"start":{"line":87,"column":37},"end":{"line":87,"column":null}},"39":{"start":{"line":88,"column":8},"end":{"line":90,"column":null}},"40":{"start":{"line":89,"column":10},"end":{"line":89,"column":null}},"41":{"start":{"line":92,"column":8},"end":{"line":92,"column":null}},"42":{"start":{"line":92,"column":39},"end":{"line":92,"column":null}},"43":{"start":{"line":95,"column":27},"end":{"line":95,"column":null}},"44":{"start":{"line":96,"column":32},"end":{"line":96,"column":null}},"45":{"start":{"line":98,"column":8},"end":{"line":108,"column":null}},"46":{"start":{"line":111,"column":34},"end":{"line":114,"column":null}},"47":{"start":{"line":116,"column":6},"end":{"line":116,"column":null}},"48":{"start":{"line":116,"column":20},"end":{"line":116,"column":null}},"49":{"start":{"line":118,"column":6},"end":{"line":120,"column":null}},"50":{"start":{"line":119,"column":8},"end":{"line":119,"column":null}},"51":{"start":{"line":122,"column":6},"end":{"line":122,"column":null}},"52":{"start":{"line":124,"column":6},"end":{"line":124,"column":null}},"53":{"start":{"line":128,"column":8},"end":{"line":137,"column":null}},"54":{"start":{"line":129,"column":4},"end":{"line":135,"column":null}},"55":{"start":{"line":130,"column":6},"end":{"line":134,"column":null}},"56":{"start":{"line":131,"column":8},"end":{"line":133,"column":null}},"57":{"start":{"line":132,"column":10},"end":{"line":132,"column":null}},"58":{"start":{"line":136,"column":4},"end":{"line":136,"column":null}},"59":{"start":{"line":139,"column":2},"end":{"line":147,"column":null}}},"fnMap":{"0":{"name":"useCheckout","decl":{"start":{"line":4,"column":16},"end":{"line":4,"column":28}},"loc":{"start":{"line":4,"column":125},"end":{"line":148,"column":null}},"line":4},"1":{"name":"(anonymous_1)","decl":{"start":{"line":9,"column":2},"end":{"line":9,"column":18}},"loc":{"start":{"line":9,"column":18},"end":{"line":36,"column":5}},"line":9},"2":{"name":"fetchFields","decl":{"start":{"line":10,"column":19},"end":{"line":10,"column":33}},"loc":{"start":{"line":10,"column":33},"end":{"line":34,"column":null}},"line":10},"3":{"name":"(anonymous_3)","decl":{"start":{"line":21,"column":24},"end":{"line":21,"column":32}},"loc":{"start":{"line":21,"column":42},"end":{"line":31,"column":7}},"line":21},"4":{"name":"(anonymous_4)","decl":{"start":{"line":23,"column":30},"end":{"line":23,"column":35}},"loc":{"start":{"line":23,"column":40},"end":{"line":23,"column":55}},"line":23},"5":{"name":"(anonymous_5)","decl":{"start":{"line":38,"column":8},"end":{"line":38,"column":30}},"loc":{"start":{"line":38,"column":83},"end":{"line":45,"column":null}},"line":38},"6":{"name":"(anonymous_6)","decl":{"start":{"line":39,"column":4},"end":{"line":39,"column":19}},"loc":{"start":{"line":39,"column":27},"end":{"line":44,"column":6}},"line":39},"7":{"name":"(anonymous_7)","decl":{"start":{"line":39,"column":32},"end":{"line":39,"column":36}},"loc":{"start":{"line":39,"column":41},"end":{"line":44,"column":5}},"line":39},"8":{"name":"(anonymous_8)","decl":{"start":{"line":47,"column":36},"end":{"line":47,"column":44}},"loc":{"start":{"line":47,"column":55},"end":{"line":47,"column":92}},"line":47},"9":{"name":"(anonymous_9)","decl":{"start":{"line":49,"column":26},"end":{"line":49,"column":33}},"loc":{"start":{"line":59,"column":8},"end":{"line":126,"column":null}},"line":59},"10":{"name":"(anonymous_10)","decl":{"start":{"line":68,"column":43},"end":{"line":68,"column":47}},"loc":{"start":{"line":68,"column":57},"end":{"line":71,"column":7}},"line":68},"11":{"name":"(anonymous_11)","decl":{"start":{"line":69,"column":27},"end":{"line":69,"column":32}},"loc":{"start":{"line":69,"column":37},"end":{"line":69,"column":52}},"line":69},"12":{"name":"(anonymous_12)","decl":{"start":{"line":85,"column":42},"end":{"line":85,"column":46}},"loc":{"start":{"line":85,"column":51},"end":{"line":109,"column":7}},"line":85},"13":{"name":"(anonymous_13)","decl":{"start":{"line":88,"column":23},"end":{"line":88,"column":31}},"loc":{"start":{"line":88,"column":36},"end":{"line":90,"column":9}},"line":88},"14":{"name":"(anonymous_14)","decl":{"start":{"line":128,"column":8},"end":{"line":128,"column":39}},"loc":{"start":{"line":128,"column":39},"end":{"line":137,"column":null}},"line":128}},"branchMap":{"0":{"loc":{"start":{"line":17,"column":24},"end":{"line":17,"column":34}},"type":"binary-expr","locations":[{"start":{"line":17,"column":24},"end":{"line":17,"column":32}},{"start":{"line":17,"column":32},"end":{"line":17,"column":34}}],"line":17},"1":{"loc":{"start":{"line":40,"column":6},"end":{"line":42,"column":null}},"type":"if","locations":[{"start":{"line":40,"column":6},"end":{"line":42,"column":null}},{"start":{},"end":{}}],"line":40},"2":{"loc":{"start":{"line":47,"column":62},"end":{"line":47,"column":92}},"type":"binary-expr","locations":[{"start":{"line":47,"column":62},"end":{"line":47,"column":88}},{"start":{"line":47,"column":88},"end":{"line":47,"column":92}}],"line":47},"3":{"loc":{"start":{"line":61,"column":4},"end":{"line":61,"column":null}},"type":"if","locations":[{"start":{"line":61,"column":4},"end":{"line":61,"column":null}},{"start":{},"end":{}}],"line":61},"4":{"loc":{"start":{"line":70,"column":78},"end":{"line":70,"column":105}},"type":"binary-expr","locations":[{"start":{"line":70,"column":78},"end":{"line":70,"column":103}},{"start":{"line":70,"column":103},"end":{"line":70,"column":105}}],"line":70},"5":{"loc":{"start":{"line":89,"column":37},"end":{"line":89,"column":null}},"type":"binary-expr","locations":[{"start":{"line":89,"column":37},"end":{"line":89,"column":56}},{"start":{"line":89,"column":56},"end":{"line":89,"column":null}}],"line":89},"6":{"loc":{"start":{"line":92,"column":8},"end":{"line":92,"column":null}},"type":"if","locations":[{"start":{"line":92,"column":8},"end":{"line":92,"column":null}},{"start":{},"end":{}}],"line":92},"7":{"loc":{"start":{"line":95,"column":27},"end":{"line":95,"column":null}},"type":"cond-expr","locations":[{"start":{"line":95,"column":43},"end":{"line":95,"column":95}},{"start":{"line":95,"column":95},"end":{"line":95,"column":null}}],"line":95},"8":{"loc":{"start":{"line":95,"column":48},"end":{"line":95,"column":79}},"type":"binary-expr","locations":[{"start":{"line":95,"column":48},"end":{"line":95,"column":74}},{"start":{"line":95,"column":74},"end":{"line":95,"column":79}}],"line":95},"9":{"loc":{"start":{"line":116,"column":6},"end":{"line":116,"column":null}},"type":"if","locations":[{"start":{"line":116,"column":6},"end":{"line":116,"column":null}},{"start":{},"end":{}}],"line":116},"10":{"loc":{"start":{"line":118,"column":6},"end":{"line":120,"column":null}},"type":"if","locations":[{"start":{"line":118,"column":6},"end":{"line":120,"column":null}},{"start":{},"end":{}}],"line":118},"11":{"loc":{"start":{"line":131,"column":8},"end":{"line":133,"column":null}},"type":"if","locations":[{"start":{"line":131,"column":8},"end":{"line":133,"column":null}},{"start":{},"end":{}}],"line":131},"12":{"loc":{"start":{"line":131,"column":12},"end":{"line":131,"column":47}},"type":"binary-expr","locations":[{"start":{"line":131,"column":12},"end":{"line":131,"column":29}},{"start":{"line":131,"column":29},"end":{"line":131,"column":47}}],"line":131}},"s":{"0":9,"1":9,"2":9,"3":9,"4":4,"5":4,"6":4,"7":4,"8":5,"9":5,"10":6,"11":5,"12":5,"13":6,"14":4,"15":4,"16":4,"17":9,"18":1,"19":1,"20":1,"21":1,"22":0,"23":9,"24":7,"25":9,"26":2,"27":2,"28":1,"29":1,"30":1,"31":1,"32":1,"33":1,"34":1,"35":1,"36":1,"37":1,"38":1,"39":1,"40":0,"41":1,"42":1,"43":1,"44":1,"45":1,"46":1,"47":1,"48":0,"49":1,"50":0,"51":1,"52":0,"53":9,"54":2,"55":2,"56":2,"57":1,"58":1,"59":9},"f":{"0":9,"1":4,"2":4,"3":5,"4":6,"5":1,"6":1,"7":1,"8":7,"9":2,"10":1,"11":1,"12":1,"13":0,"14":2},"b":{"0":[4,0],"1":[1,0],"2":[7,0],"3":[1,1],"4":[1,0],"5":[0,0],"6":[1,0],"7":[1,0],"8":[1,0],"9":[0,1],"10":[0,1],"11":[1,1],"12":[2,2]},"meta":{"lastBranch":13,"lastFunction":15,"lastStatement":60,"seen":{"f:4:16:4:28":0,"s:5:25:5:Infinity":0,"s:6:22:6:Infinity":1,"s:7:18:7:Infinity":2,"s:9:2:36:Infinity":3,"f:9:2:9:18":1,"f:10:19:10:33":2,"s:11:23:15:Infinity":4,"s:17:6:17:Infinity":5,"b:17:24:17:32:17:32:17:34":0,"s:20:31:20:Infinity":6,"s:21:6:31:Infinity":7,"f:21:24:21:32":3,"s:22:20:22:Infinity":8,"s:23:24:23:Infinity":9,"f:23:30:23:35":4,"s:23:40:23:55":10,"s:24:8:30:Infinity":11,"s:24:21:24:24":12,"s:25:10:29:Infinity":13,"s:32:6:32:Infinity":14,"s:33:6:33:Infinity":15,"s:35:4:35:Infinity":16,"s:38:8:45:Infinity":17,"f:38:8:38:30":5,"s:39:4:44:Infinity":18,"f:39:4:39:19":6,"s:39:27:44:6":19,"f:39:32:39:36":7,"b:40:6:42:Infinity:undefined:undefined:undefined:undefined":1,"s:40:6:42:Infinity":20,"s:41:8:41:Infinity":21,"s:43:6:43:Infinity":22,"s:47:24:47:Infinity":23,"f:47:36:47:44":8,"s:47:55:47:92":24,"b:47:62:47:88:47:88:47:92":2,"s:49:26:126:Infinity":25,"f:49:26:49:33":9,"s:60:31:60:Infinity":26,"b:61:4:61:Infinity:undefined:undefined:undefined:undefined":3,"s:61:4:61:Infinity":27,"s:61:15:61:Infinity":28,"s:63:4:125:Infinity":29,"s:64:22:64:Infinity":30,"s:65:28:65:Infinity":31,"s:68:25:71:Infinity":32,"f:68:43:68:47":10,"s:69:21:69:Infinity":33,"f:69:27:69:32":11,"s:69:37:69:52":34,"s:70:8:70:Infinity":35,"b:70:78:70:103:70:103:70:105":4,"s:73:24:82:Infinity":36,"s:85:30:109:Infinity":37,"f:85:42:85:46":12,"s:87:37:87:Infinity":38,"s:88:8:90:Infinity":39,"f:88:23:88:31":13,"s:89:10:89:Infinity":40,"b:89:37:89:56:89:56:89:Infinity":5,"b:92:8:92:Infinity:undefined:undefined:undefined:undefined":6,"s:92:8:92:Infinity":41,"s:92:39:92:Infinity":42,"s:95:27:95:Infinity":43,"b:95:43:95:95:95:95:95:Infinity":7,"b:95:48:95:74:95:74:95:79":8,"s:96:32:96:Infinity":44,"s:98:8:108:Infinity":45,"s:111:34:114:Infinity":46,"b:116:6:116:Infinity:undefined:undefined:undefined:undefined":9,"s:116:6:116:Infinity":47,"s:116:20:116:Infinity":48,"b:118:6:120:Infinity:undefined:undefined:undefined:undefined":10,"s:118:6:120:Infinity":49,"s:119:8:119:Infinity":50,"s:122:6:122:Infinity":51,"s:124:6:124:Infinity":52,"s:128:8:137:Infinity":53,"f:128:8:128:39":14,"s:129:4:135:Infinity":54,"s:130:6:134:Infinity":55,"b:131:8:133:Infinity:undefined:undefined:undefined:undefined":11,"s:131:8:133:Infinity":56,"b:131:12:131:29:131:29:131:47":12,"s:132:10:132:Infinity":57,"s:136:4:136:Infinity":58,"s:139:2:147:Infinity":59},"fnNames":{}}}
,"/Users/davidcutura/Projects/ReactTicketing/platform/src/hooks/useDebouncedSearch.ts": {"path":"/Users/davidcutura/Projects/ReactTicketing/platform/src/hooks/useDebouncedSearch.ts","statementMap":{"0":{"start":{"line":12,"column":18},"end":{"line":12,"column":null}},"1":{"start":{"line":13,"column":18},"end":{"line":13,"column":null}},"2":{"start":{"line":15,"column":2},"end":{"line":43,"column":null}},"3":{"start":{"line":16,"column":4},"end":{"line":19,"column":null}},"4":{"start":{"line":17,"column":6},"end":{"line":17,"column":null}},"5":{"start":{"line":17,"column":25},"end":{"line":17,"column":54}},"6":{"start":{"line":18,"column":6},"end":{"line":18,"column":null}},"7":{"start":{"line":21,"column":4},"end":{"line":24,"column":null}},"8":{"start":{"line":22,"column":6},"end":{"line":22,"column":null}},"9":{"start":{"line":22,"column":25},"end":{"line":22,"column":54}},"10":{"start":{"line":23,"column":6},"end":{"line":23,"column":null}},"11":{"start":{"line":26,"column":25},"end":{"line":39,"column":null}},"12":{"start":{"line":27,"column":6},"end":{"line":27,"column":null}},"13":{"start":{"line":28,"column":23},"end":{"line":33,"column":null}},"14":{"start":{"line":35,"column":6},"end":{"line":37,"column":null}},"15":{"start":{"line":36,"column":8},"end":{"line":36,"column":null}},"16":{"start":{"line":38,"column":6},"end":{"line":38,"column":null}},"17":{"start":{"line":41,"column":21},"end":{"line":41,"column":null}},"18":{"start":{"line":42,"column":4},"end":{"line":42,"column":null}},"19":{"start":{"line":42,"column":17},"end":{"line":42,"column":null}},"20":{"start":{"line":45,"column":2},"end":{"line":45,"column":null}}},"fnMap":{"0":{"name":"useDebouncedSearch","decl":{"start":{"line":4,"column":16},"end":{"line":4,"column":null}},"loc":{"start":{"line":11,"column":2},"end":{"line":46,"column":null}},"line":11},"1":{"name":"(anonymous_1)","decl":{"start":{"line":15,"column":2},"end":{"line":15,"column":18}},"loc":{"start":{"line":15,"column":18},"end":{"line":43,"column":5}},"line":15},"2":{"name":"(anonymous_2)","decl":{"start":{"line":17,"column":6},"end":{"line":17,"column":17}},"loc":{"start":{"line":17,"column":25},"end":{"line":17,"column":54}},"line":17},"3":{"name":"(anonymous_3)","decl":{"start":{"line":22,"column":6},"end":{"line":22,"column":17}},"loc":{"start":{"line":22,"column":25},"end":{"line":22,"column":54}},"line":22},"4":{"name":"(anonymous_4)","decl":{"start":{"line":26,"column":25},"end":{"line":26,"column":37}},"loc":{"start":{"line":26,"column":37},"end":{"line":39,"column":null}},"line":26},"5":{"name":"(anonymous_5)","decl":{"start":{"line":42,"column":4},"end":{"line":42,"column":17}},"loc":{"start":{"line":42,"column":17},"end":{"line":42,"column":null}},"line":42}},"branchMap":{"0":{"loc":{"start":{"line":9,"column":2},"end":{"line":9,"column":null}},"type":"default-arg","locations":[{"start":{"line":9,"column":18},"end":{"line":9,"column":null}}],"line":9},"1":{"loc":{"start":{"line":16,"column":4},"end":{"line":19,"column":null}},"type":"if","locations":[{"start":{"line":16,"column":4},"end":{"line":19,"column":null}},{"start":{},"end":{}}],"line":16},"2":{"loc":{"start":{"line":16,"column":8},"end":{"line":16,"column":42}},"type":"binary-expr","locations":[{"start":{"line":16,"column":8},"end":{"line":16,"column":25}},{"start":{"line":16,"column":25},"end":{"line":16,"column":42}}],"line":16},"3":{"loc":{"start":{"line":17,"column":25},"end":{"line":17,"column":54}},"type":"cond-expr","locations":[{"start":{"line":17,"column":45},"end":{"line":17,"column":52}},{"start":{"line":17,"column":52},"end":{"line":17,"column":54}}],"line":17},"4":{"loc":{"start":{"line":21,"column":4},"end":{"line":24,"column":null}},"type":"if","locations":[{"start":{"line":21,"column":4},"end":{"line":24,"column":null}},{"start":{},"end":{}}],"line":21},"5":{"loc":{"start":{"line":22,"column":25},"end":{"line":22,"column":54}},"type":"cond-expr","locations":[{"start":{"line":22,"column":45},"end":{"line":22,"column":52}},{"start":{"line":22,"column":52},"end":{"line":22,"column":54}}],"line":22},"6":{"loc":{"start":{"line":35,"column":6},"end":{"line":37,"column":null}},"type":"if","locations":[{"start":{"line":35,"column":6},"end":{"line":37,"column":null}},{"start":{},"end":{}}],"line":35}},"s":{"0":7,"1":7,"2":7,"3":6,"4":2,"5":2,"6":2,"7":4,"8":2,"9":2,"10":2,"11":2,"12":1,"13":1,"14":1,"15":1,"16":1,"17":2,"18":2,"19":2,"20":7},"f":{"0":7,"1":6,"2":2,"3":2,"4":1,"5":2},"b":{"0":[7],"1":[2,4],"2":[6,2],"3":[2,0],"4":[2,2],"5":[2,0],"6":[1,0]},"meta":{"lastBranch":7,"lastFunction":6,"lastStatement":21,"seen":{"f:4:16:4:Infinity":0,"b:9:18:9:Infinity":0,"s:12:18:12:Infinity":0,"s:13:18:13:Infinity":1,"s:15:2:43:Infinity":2,"f:15:2:15:18":1,"b:16:4:19:Infinity:undefined:undefined:undefined:undefined":1,"s:16:4:19:Infinity":3,"b:16:8:16:25:16:25:16:42":2,"s:17:6:17:Infinity":4,"f:17:6:17:17":2,"s:17:25:17:54":5,"b:17:45:17:52:17:52:17:54":3,"s:18:6:18:Infinity":6,"b:21:4:24:Infinity:undefined:undefined:undefined:undefined":4,"s:21:4:24:Infinity":7,"s:22:6:22:Infinity":8,"f:22:6:22:17":3,"s:22:25:22:54":9,"b:22:45:22:52:22:52:22:54":5,"s:23:6:23:Infinity":10,"s:26:25:39:Infinity":11,"f:26:25:26:37":4,"s:27:6:27:Infinity":12,"s:28:23:33:Infinity":13,"b:35:6:37:Infinity:undefined:undefined:undefined:undefined":6,"s:35:6:37:Infinity":14,"s:36:8:36:Infinity":15,"s:38:6:38:Infinity":16,"s:41:21:41:Infinity":17,"s:42:4:42:Infinity":18,"f:42:4:42:17":5,"s:42:17:42:Infinity":19,"s:45:2:45:Infinity":20},"fnNames":{}}}
,"/Users/davidcutura/Projects/ReactTicketing/platform/src/hooks/usePromoCode.ts": {"path":"/Users/davidcutura/Projects/ReactTicketing/platform/src/hooks/usePromoCode.ts","statementMap":{"0":{"start":{"line":5,"column":20},"end":{"line":5,"column":null}},"1":{"start":{"line":6,"column":23},"end":{"line":6,"column":null}},"2":{"start":{"line":7,"column":21},"end":{"line":7,"column":null}},"3":{"start":{"line":9,"column":21},"end":{"line":25,"column":null}},"4":{"start":{"line":10,"column":4},"end":{"line":10,"column":null}},"5":{"start":{"line":11,"column":4},"end":{"line":11,"column":null}},"6":{"start":{"line":11,"column":20},"end":{"line":11,"column":null}},"7":{"start":{"line":12,"column":28},"end":{"line":18,"column":null}},"8":{"start":{"line":20,"column":4},"end":{"line":24,"column":null}},"9":{"start":{"line":21,"column":6},"end":{"line":21,"column":null}},"10":{"start":{"line":23,"column":6},"end":{"line":23,"column":null}},"11":{"start":{"line":27,"column":8},"end":{"line":31,"column":null}},"12":{"start":{"line":28,"column":4},"end":{"line":28,"column":null}},"13":{"start":{"line":29,"column":4},"end":{"line":29,"column":null}},"14":{"start":{"line":30,"column":4},"end":{"line":30,"column":null}},"15":{"start":{"line":33,"column":8},"end":{"line":43,"column":null}},"16":{"start":{"line":34,"column":4},"end":{"line":34,"column":null}},"17":{"start":{"line":34,"column":23},"end":{"line":34,"column":null}},"18":{"start":{"line":35,"column":4},"end":{"line":41,"column":null}},"19":{"start":{"line":36,"column":8},"end":{"line":36,"column":null}},"20":{"start":{"line":37,"column":11},"end":{"line":41,"column":null}},"21":{"start":{"line":38,"column":8},"end":{"line":38,"column":null}},"22":{"start":{"line":39,"column":11},"end":{"line":41,"column":null}},"23":{"start":{"line":40,"column":8},"end":{"line":40,"column":null}},"24":{"start":{"line":42,"column":4},"end":{"line":42,"column":null}},"25":{"start":{"line":45,"column":25},"end":{"line":49,"column":null}},"26":{"start":{"line":46,"column":4},"end":{"line":48,"column":null}},"27":{"start":{"line":47,"column":6},"end":{"line":47,"column":null}},"28":{"start":{"line":51,"column":2},"end":{"line":60,"column":null}}},"fnMap":{"0":{"name":"usePromoCode","decl":{"start":{"line":4,"column":16},"end":{"line":4,"column":29}},"loc":{"start":{"line":4,"column":46},"end":{"line":61,"column":null}},"line":4},"1":{"name":"(anonymous_1)","decl":{"start":{"line":9,"column":21},"end":{"line":9,"column":33}},"loc":{"start":{"line":9,"column":33},"end":{"line":25,"column":null}},"line":9},"2":{"name":"(anonymous_2)","decl":{"start":{"line":27,"column":8},"end":{"line":27,"column":28}},"loc":{"start":{"line":27,"column":28},"end":{"line":31,"column":null}},"line":27},"3":{"name":"(anonymous_3)","decl":{"start":{"line":33,"column":8},"end":{"line":33,"column":31}},"loc":{"start":{"line":33,"column":57},"end":{"line":43,"column":null}},"line":33},"4":{"name":"(anonymous_4)","decl":{"start":{"line":45,"column":25},"end":{"line":45,"column":37}},"loc":{"start":{"line":45,"column":37},"end":{"line":49,"column":null}},"line":45}},"branchMap":{"0":{"loc":{"start":{"line":11,"column":4},"end":{"line":11,"column":null}},"type":"if","locations":[{"start":{"line":11,"column":4},"end":{"line":11,"column":null}},{"start":{},"end":{}}],"line":11},"1":{"loc":{"start":{"line":20,"column":4},"end":{"line":24,"column":null}},"type":"if","locations":[{"start":{"line":20,"column":4},"end":{"line":24,"column":null}},{"start":{"line":22,"column":11},"end":{"line":24,"column":null}}],"line":20},"2":{"loc":{"start":{"line":20,"column":8},"end":{"line":20,"column":24}},"type":"binary-expr","locations":[{"start":{"line":20,"column":8},"end":{"line":20,"column":17}},{"start":{"line":20,"column":17},"end":{"line":20,"column":24}}],"line":20},"3":{"loc":{"start":{"line":34,"column":4},"end":{"line":34,"column":null}},"type":"if","locations":[{"start":{"line":34,"column":4},"end":{"line":34,"column":null}},{"start":{},"end":{}}],"line":34},"4":{"loc":{"start":{"line":35,"column":4},"end":{"line":41,"column":null}},"type":"if","locations":[{"start":{"line":35,"column":4},"end":{"line":41,"column":null}},{"start":{"line":37,"column":11},"end":{"line":41,"column":null}}],"line":35},"5":{"loc":{"start":{"line":37,"column":11},"end":{"line":41,"column":null}},"type":"if","locations":[{"start":{"line":37,"column":11},"end":{"line":41,"column":null}},{"start":{"line":39,"column":11},"end":{"line":41,"column":null}}],"line":37},"6":{"loc":{"start":{"line":39,"column":11},"end":{"line":41,"column":null}},"type":"if","locations":[{"start":{"line":39,"column":11},"end":{"line":41,"column":null}},{"start":{},"end":{}}],"line":39},"7":{"loc":{"start":{"line":46,"column":4},"end":{"line":48,"column":null}},"type":"if","locations":[{"start":{"line":46,"column":4},"end":{"line":48,"column":null}},{"start":{},"end":{}}],"line":46}},"s":{"0":20,"1":20,"2":20,"3":20,"4":6,"5":6,"6":0,"7":6,"8":6,"9":1,"10":5,"11":20,"12":1,"13":1,"14":1,"15":20,"16":5,"17":0,"18":5,"19":1,"20":4,"21":2,"22":2,"23":1,"24":1,"25":20,"26":0,"27":0,"28":20},"f":{"0":20,"1":6,"2":1,"3":5,"4":0},"b":{"0":[0,6],"1":[1,5],"2":[6,5],"3":[0,5],"4":[1,4],"5":[2,2],"6":[1,1],"7":[0,0]},"meta":{"lastBranch":8,"lastFunction":5,"lastStatement":29,"seen":{"f:4:16:4:29":0,"s:5:20:5:Infinity":0,"s:6:23:6:Infinity":1,"s:7:21:7:Infinity":2,"s:9:21:25:Infinity":3,"f:9:21:9:33":1,"s:10:4:10:Infinity":4,"b:11:4:11:Infinity:undefined:undefined:undefined:undefined":0,"s:11:4:11:Infinity":5,"s:11:20:11:Infinity":6,"s:12:28:18:Infinity":7,"b:20:4:24:Infinity:22:11:24:Infinity":1,"s:20:4:24:Infinity":8,"b:20:8:20:17:20:17:20:24":2,"s:21:6:21:Infinity":9,"s:23:6:23:Infinity":10,"s:27:8:31:Infinity":11,"f:27:8:27:28":2,"s:28:4:28:Infinity":12,"s:29:4:29:Infinity":13,"s:30:4:30:Infinity":14,"s:33:8:43:Infinity":15,"f:33:8:33:31":3,"b:34:4:34:Infinity:undefined:undefined:undefined:undefined":3,"s:34:4:34:Infinity":16,"s:34:23:34:Infinity":17,"b:35:4:41:Infinity:37:11:41:Infinity":4,"s:35:4:41:Infinity":18,"s:36:8:36:Infinity":19,"b:37:11:41:Infinity:39:11:41:Infinity":5,"s:37:11:41:Infinity":20,"s:38:8:38:Infinity":21,"b:39:11:41:Infinity:undefined:undefined:undefined:undefined":6,"s:39:11:41:Infinity":22,"s:40:8:40:Infinity":23,"s:42:4:42:Infinity":24,"s:45:25:49:Infinity":25,"f:45:25:45:37":4,"b:46:4:48:Infinity:undefined:undefined:undefined:undefined":7,"s:46:4:48:Infinity":26,"s:47:6:47:Infinity":27,"s:51:2:60:Infinity":28},"fnNames":{}}}
,"/Users/davidcutura/Projects/ReactTicketing/platform/src/lib/dictionaries.components.ts": {"path":"/Users/davidcutura/Projects/ReactTicketing/platform/src/lib/dictionaries.components.ts","statementMap":{"0":{"start":{"line":1,"column":38},"end":{"line":898,"column":null}}},"fnMap":{},"branchMap":{},"s":{"0":4},"f":{},"b":{},"meta":{"lastBranch":0,"lastFunction":0,"lastStatement":1,"seen":{"s:1:38:898:Infinity":0},"fnNames":{}}}
,"/Users/davidcutura/Projects/ReactTicketing/platform/src/lib/dictionaries.marketplace.ts": {"path":"/Users/davidcutura/Projects/ReactTicketing/platform/src/lib/dictionaries.marketplace.ts","statementMap":{"0":{"start":{"line":1,"column":39},"end":{"line":602,"column":null}}},"fnMap":{},"branchMap":{},"s":{"0":4},"f":{},"b":{},"meta":{"lastBranch":0,"lastFunction":0,"lastStatement":1,"seen":{"s:1:39:602:Infinity":0},"fnNames":{}}}
,"/Users/davidcutura/Projects/ReactTicketing/platform/src/lib/dictionaries.organizer.ts": {"path":"/Users/davidcutura/Projects/ReactTicketing/platform/src/lib/dictionaries.organizer.ts","statementMap":{"0":{"start":{"line":1,"column":37},"end":{"line":590,"column":null}}},"fnMap":{},"branchMap":{},"s":{"0":4},"f":{},"b":{},"meta":{"lastBranch":0,"lastFunction":0,"lastStatement":1,"seen":{"s:1:37:590:Infinity":0},"fnNames":{}}}
,"/Users/davidcutura/Projects/ReactTicketing/platform/src/lib/dictionaries.other.ts": {"path":"/Users/davidcutura/Projects/ReactTicketing/platform/src/lib/dictionaries.other.ts","statementMap":{"0":{"start":{"line":1,"column":33},"end":{"line":1150,"column":null}}},"fnMap":{},"branchMap":{},"s":{"0":4},"f":{},"b":{},"meta":{"lastBranch":0,"lastFunction":0,"lastStatement":1,"seen":{"s:1:33:1150:Infinity":0},"fnNames":{}}}
,"/Users/davidcutura/Projects/ReactTicketing/platform/src/lib/dictionaries.roles.ts": {"path":"/Users/davidcutura/Projects/ReactTicketing/platform/src/lib/dictionaries.roles.ts","statementMap":{"0":{"start":{"line":1,"column":33},"end":{"line":810,"column":null}}},"fnMap":{},"branchMap":{},"s":{"0":4},"f":{},"b":{},"meta":{"lastBranch":0,"lastFunction":0,"lastStatement":1,"seen":{"s:1:33:810:Infinity":0},"fnNames":{}}}
,"/Users/davidcutura/Projects/ReactTicketing/platform/src/lib/dictionaries.ts": {"path":"/Users/davidcutura/Projects/ReactTicketing/platform/src/lib/dictionaries.ts","statementMap":{"0":{"start":{"line":7,"column":65},"end":{"line":220,"column":null}}},"fnMap":{},"branchMap":{},"s":{"0":4},"f":{},"b":{},"meta":{"lastBranch":0,"lastFunction":0,"lastStatement":1,"seen":{"s:7:65:220:Infinity":0},"fnNames":{}}}
,"/Users/davidcutura/Projects/ReactTicketing/platform/src/lib/Admit/mappers.ts": {"path":"/Users/davidcutura/Projects/ReactTicketing/platform/src/lib/Admit/mappers.ts","statementMap":{"0":{"start":{"line":4,"column":2},"end":{"line":19,"column":null}},"1":{"start":{"line":23,"column":2},"end":{"line":38,"column":null}},"2":{"start":{"line":42,"column":2},"end":{"line":54,"column":null}},"3":{"start":{"line":58,"column":2},"end":{"line":70,"column":null}},"4":{"start":{"line":74,"column":19},"end":{"line":74,"column":null}},"5":{"start":{"line":75,"column":2},"end":{"line":75,"column":null}},"6":{"start":{"line":75,"column":36},"end":{"line":75,"column":null}},"7":{"start":{"line":76,"column":2},"end":{"line":76,"column":null}},"8":{"start":{"line":76,"column":35},"end":{"line":76,"column":null}},"9":{"start":{"line":77,"column":2},"end":{"line":77,"column":null}},"10":{"start":{"line":77,"column":35},"end":{"line":77,"column":null}},"11":{"start":{"line":78,"column":2},"end":{"line":78,"column":null}},"12":{"start":{"line":78,"column":45},"end":{"line":78,"column":null}},"13":{"start":{"line":79,"column":2},"end":{"line":79,"column":null}},"14":{"start":{"line":79,"column":34},"end":{"line":79,"column":null}},"15":{"start":{"line":80,"column":2},"end":{"line":80,"column":null}},"16":{"start":{"line":80,"column":44},"end":{"line":80,"column":null}},"17":{"start":{"line":81,"column":2},"end":{"line":81,"column":null}},"18":{"start":{"line":81,"column":39},"end":{"line":81,"column":null}},"19":{"start":{"line":82,"column":2},"end":{"line":82,"column":null}},"20":{"start":{"line":86,"column":2},"end":{"line":97,"column":null}},"21":{"start":{"line":101,"column":2},"end":{"line":112,"column":null}},"22":{"start":{"line":116,"column":2},"end":{"line":131,"column":null}},"23":{"start":{"line":135,"column":2},"end":{"line":150,"column":null}},"24":{"start":{"line":154,"column":2},"end":{"line":164,"column":null}},"25":{"start":{"line":168,"column":2},"end":{"line":178,"column":null}},"26":{"start":{"line":182,"column":2},"end":{"line":188,"column":null}},"27":{"start":{"line":192,"column":2},"end":{"line":198,"column":null}},"28":{"start":{"line":202,"column":2},"end":{"line":226,"column":null}}},"fnMap":{"0":{"name":"mapDbRowToTicketTypeConfig","decl":{"start":{"line":3,"column":71},"end":{"line":3,"column":null}},"loc":{"start":{"line":3,"column":71},"end":{"line":20,"column":null}},"line":3},"1":{"name":"mapTicketTypeConfigToRow","decl":{"start":{"line":22,"column":16},"end":{"line":22,"column":41}},"loc":{"start":{"line":22,"column":89},"end":{"line":39,"column":null}},"line":22},"2":{"name":"mapDbRowToScanAccount","decl":{"start":{"line":41,"column":16},"end":{"line":41,"column":38}},"loc":{"start":{"line":41,"column":61},"end":{"line":55,"column":null}},"line":41},"3":{"name":"mapScanAccountToRow","decl":{"start":{"line":57,"column":16},"end":{"line":57,"column":36}},"loc":{"start":{"line":57,"column":63},"end":{"line":71,"column":null}},"line":57},"4":{"name":"mapScanAccountPatchToRow","decl":{"start":{"line":73,"column":16},"end":{"line":73,"column":41}},"loc":{"start":{"line":73,"column":75},"end":{"line":83,"column":null}},"line":73},"5":{"name":"mapDbRowToOrder","decl":{"start":{"line":85,"column":16},"end":{"line":85,"column":32}},"loc":{"start":{"line":85,"column":49},"end":{"line":98,"column":null}},"line":85},"6":{"name":"mapOrderToRow","decl":{"start":{"line":100,"column":16},"end":{"line":100,"column":30}},"loc":{"start":{"line":100,"column":49},"end":{"line":113,"column":null}},"line":100},"7":{"name":"mapDbRowToTicket","decl":{"start":{"line":115,"column":16},"end":{"line":115,"column":33}},"loc":{"start":{"line":115,"column":57},"end":{"line":132,"column":null}},"line":115},"8":{"name":"mapTicketToRow","decl":{"start":{"line":134,"column":16},"end":{"line":134,"column":31}},"loc":{"start":{"line":134,"column":58},"end":{"line":151,"column":null}},"line":134},"9":{"name":"mapDbRowToScanEvent","decl":{"start":{"line":153,"column":16},"end":{"line":153,"column":36}},"loc":{"start":{"line":153,"column":57},"end":{"line":165,"column":null}},"line":153},"10":{"name":"mapScanEventToRow","decl":{"start":{"line":167,"column":16},"end":{"line":167,"column":34}},"loc":{"start":{"line":167,"column":56},"end":{"line":179,"column":null}},"line":167},"11":{"name":"mapDbRowToPromoBatch","decl":{"start":{"line":181,"column":16},"end":{"line":181,"column":37}},"loc":{"start":{"line":181,"column":59},"end":{"line":189,"column":null}},"line":181},"12":{"name":"mapPromoBatchToRow","decl":{"start":{"line":191,"column":16},"end":{"line":191,"column":35}},"loc":{"start":{"line":191,"column":59},"end":{"line":199,"column":null}},"line":191},"13":{"name":"mapEventToAdmitConfig","decl":{"start":{"line":201,"column":16},"end":{"line":201,"column":38}},"loc":{"start":{"line":201,"column":55},"end":{"line":227,"column":null}},"line":201}},"branchMap":{"0":{"loc":{"start":{"line":12,"column":19},"end":{"line":12,"column":null}},"type":"cond-expr","locations":[{"start":{"line":12,"column":41},"end":{"line":12,"column":73}},{"start":{"line":12,"column":73},"end":{"line":12,"column":null}}],"line":12},"1":{"loc":{"start":{"line":13,"column":17},"end":{"line":13,"column":null}},"type":"cond-expr","locations":[{"start":{"line":13,"column":37},"end":{"line":13,"column":67}},{"start":{"line":13,"column":67},"end":{"line":13,"column":null}}],"line":13},"2":{"loc":{"start":{"line":14,"column":15},"end":{"line":14,"column":null}},"type":"cond-expr","locations":[{"start":{"line":14,"column":32},"end":{"line":14,"column":59}},{"start":{"line":14,"column":59},"end":{"line":14,"column":null}}],"line":14},"3":{"loc":{"start":{"line":15,"column":16},"end":{"line":15,"column":null}},"type":"cond-expr","locations":[{"start":{"line":15,"column":34},"end":{"line":15,"column":62}},{"start":{"line":15,"column":62},"end":{"line":15,"column":null}}],"line":15},"4":{"loc":{"start":{"line":53,"column":17},"end":{"line":53,"column":null}},"type":"cond-expr","locations":[{"start":{"line":53,"column":37},"end":{"line":53,"column":67}},{"start":{"line":53,"column":67},"end":{"line":53,"column":null}}],"line":53},"5":{"loc":{"start":{"line":75,"column":2},"end":{"line":75,"column":null}},"type":"if","locations":[{"start":{"line":75,"column":2},"end":{"line":75,"column":null}},{"start":{},"end":{}}],"line":75},"6":{"loc":{"start":{"line":76,"column":2},"end":{"line":76,"column":null}},"type":"if","locations":[{"start":{"line":76,"column":2},"end":{"line":76,"column":null}},{"start":{},"end":{}}],"line":76},"7":{"loc":{"start":{"line":77,"column":2},"end":{"line":77,"column":null}},"type":"if","locations":[{"start":{"line":77,"column":2},"end":{"line":77,"column":null}},{"start":{},"end":{}}],"line":77},"8":{"loc":{"start":{"line":78,"column":2},"end":{"line":78,"column":null}},"type":"if","locations":[{"start":{"line":78,"column":2},"end":{"line":78,"column":null}},{"start":{},"end":{}}],"line":78},"9":{"loc":{"start":{"line":79,"column":2},"end":{"line":79,"column":null}},"type":"if","locations":[{"start":{"line":79,"column":2},"end":{"line":79,"column":null}},{"start":{},"end":{}}],"line":79},"10":{"loc":{"start":{"line":80,"column":2},"end":{"line":80,"column":null}},"type":"if","locations":[{"start":{"line":80,"column":2},"end":{"line":80,"column":null}},{"start":{},"end":{}}],"line":80},"11":{"loc":{"start":{"line":81,"column":2},"end":{"line":81,"column":null}},"type":"if","locations":[{"start":{"line":81,"column":2},"end":{"line":81,"column":null}},{"start":{},"end":{}}],"line":81},"12":{"loc":{"start":{"line":96,"column":15},"end":{"line":96,"column":null}},"type":"cond-expr","locations":[{"start":{"line":96,"column":32},"end":{"line":96,"column":59}},{"start":{"line":96,"column":59},"end":{"line":96,"column":null}}],"line":96},"13":{"loc":{"start":{"line":123,"column":14},"end":{"line":123,"column":null}},"type":"cond-expr","locations":[{"start":{"line":123,"column":30},"end":{"line":123,"column":56}},{"start":{"line":123,"column":56},"end":{"line":123,"column":null}}],"line":123},"14":{"loc":{"start":{"line":124,"column":15},"end":{"line":124,"column":null}},"type":"cond-expr","locations":[{"start":{"line":124,"column":32},"end":{"line":124,"column":59}},{"start":{"line":124,"column":59},"end":{"line":124,"column":null}}],"line":124},"15":{"loc":{"start":{"line":125,"column":16},"end":{"line":125,"column":null}},"type":"cond-expr","locations":[{"start":{"line":125,"column":34},"end":{"line":125,"column":62}},{"start":{"line":125,"column":62},"end":{"line":125,"column":null}}],"line":125},"16":{"loc":{"start":{"line":207,"column":15},"end":{"line":207,"column":null}},"type":"cond-expr","locations":[{"start":{"line":207,"column":34},"end":{"line":207,"column":63}},{"start":{"line":207,"column":63},"end":{"line":207,"column":null}}],"line":207},"17":{"loc":{"start":{"line":208,"column":13},"end":{"line":208,"column":null}},"type":"cond-expr","locations":[{"start":{"line":208,"column":30},"end":{"line":208,"column":57}},{"start":{"line":208,"column":57},"end":{"line":208,"column":null}}],"line":208},"18":{"loc":{"start":{"line":209,"column":13},"end":{"line":209,"column":null}},"type":"binary-expr","locations":[{"start":{"line":209,"column":13},"end":{"line":209,"column":34}},{"start":{"line":209,"column":34},"end":{"line":209,"column":null}}],"line":209},"19":{"loc":{"start":{"line":210,"column":19},"end":{"line":210,"column":null}},"type":"binary-expr","locations":[{"start":{"line":210,"column":19},"end":{"line":210,"column":45}},{"start":{"line":210,"column":45},"end":{"line":210,"column":null}}],"line":210},"20":{"loc":{"start":{"line":211,"column":14},"end":{"line":211,"column":null}},"type":"binary-expr","locations":[{"start":{"line":211,"column":14},"end":{"line":211,"column":32}},{"start":{"line":211,"column":32},"end":{"line":211,"column":null}}],"line":211},"21":{"loc":{"start":{"line":214,"column":20},"end":{"line":214,"column":null}},"type":"binary-expr","locations":[{"start":{"line":214,"column":20},"end":{"line":214,"column":52}},{"start":{"line":214,"column":52},"end":{"line":214,"column":null}}],"line":214},"22":{"loc":{"start":{"line":217,"column":25},"end":{"line":217,"column":null}},"type":"binary-expr","locations":[{"start":{"line":217,"column":25},"end":{"line":217,"column":69}},{"start":{"line":217,"column":69},"end":{"line":217,"column":null}}],"line":217},"23":{"loc":{"start":{"line":218,"column":23},"end":{"line":218,"column":null}},"type":"binary-expr","locations":[{"start":{"line":218,"column":23},"end":{"line":218,"column":66}},{"start":{"line":218,"column":66},"end":{"line":218,"column":null}}],"line":218}},"s":{"0":1,"1":1,"2":1,"3":1,"4":1,"5":1,"6":1,"7":1,"8":0,"9":1,"10":0,"11":1,"12":0,"13":1,"14":1,"15":1,"16":1,"17":1,"18":0,"19":1,"20":1,"21":1,"22":1,"23":1,"24":1,"25":1,"26":1,"27":1,"28":1},"f":{"0":1,"1":1,"2":1,"3":1,"4":1,"5":1,"6":1,"7":1,"8":1,"9":1,"10":1,"11":1,"12":1,"13":1},"b":{"0":[1,0],"1":[1,0],"2":[1,0],"3":[1,0],"4":[1,0],"5":[1,0],"6":[0,1],"7":[0,1],"8":[0,1],"9":[1,0],"10":[1,0],"11":[0,1],"12":[1,0],"13":[1,0],"14":[1,0],"15":[1,0],"16":[1,0],"17":[1,0],"18":[1,0],"19":[1,0],"20":[1,0],"21":[1,0],"22":[1,1],"23":[1,1]},"meta":{"lastBranch":24,"lastFunction":14,"lastStatement":29,"seen":{"f:3:71:3:Infinity":0,"s:4:2:19:Infinity":0,"b:12:41:12:73:12:73:12:Infinity":0,"b:13:37:13:67:13:67:13:Infinity":1,"b:14:32:14:59:14:59:14:Infinity":2,"b:15:34:15:62:15:62:15:Infinity":3,"f:22:16:22:41":1,"s:23:2:38:Infinity":1,"f:41:16:41:38":2,"s:42:2:54:Infinity":2,"b:53:37:53:67:53:67:53:Infinity":4,"f:57:16:57:36":3,"s:58:2:70:Infinity":3,"f:73:16:73:41":4,"s:74:19:74:Infinity":4,"b:75:2:75:Infinity:undefined:undefined:undefined:undefined":5,"s:75:2:75:Infinity":5,"s:75:36:75:Infinity":6,"b:76:2:76:Infinity:undefined:undefined:undefined:undefined":6,"s:76:2:76:Infinity":7,"s:76:35:76:Infinity":8,"b:77:2:77:Infinity:undefined:undefined:undefined:undefined":7,"s:77:2:77:Infinity":9,"s:77:35:77:Infinity":10,"b:78:2:78:Infinity:undefined:undefined:undefined:undefined":8,"s:78:2:78:Infinity":11,"s:78:45:78:Infinity":12,"b:79:2:79:Infinity:undefined:undefined:undefined:undefined":9,"s:79:2:79:Infinity":13,"s:79:34:79:Infinity":14,"b:80:2:80:Infinity:undefined:undefined:undefined:undefined":10,"s:80:2:80:Infinity":15,"s:80:44:80:Infinity":16,"b:81:2:81:Infinity:undefined:undefined:undefined:undefined":11,"s:81:2:81:Infinity":17,"s:81:39:81:Infinity":18,"s:82:2:82:Infinity":19,"f:85:16:85:32":5,"s:86:2:97:Infinity":20,"b:96:32:96:59:96:59:96:Infinity":12,"f:100:16:100:30":6,"s:101:2:112:Infinity":21,"f:115:16:115:33":7,"s:116:2:131:Infinity":22,"b:123:30:123:56:123:56:123:Infinity":13,"b:124:32:124:59:124:59:124:Infinity":14,"b:125:34:125:62:125:62:125:Infinity":15,"f:134:16:134:31":8,"s:135:2:150:Infinity":23,"f:153:16:153:36":9,"s:154:2:164:Infinity":24,"f:167:16:167:34":10,"s:168:2:178:Infinity":25,"f:181:16:181:37":11,"s:182:2:188:Infinity":26,"f:191:16:191:35":12,"s:192:2:198:Infinity":27,"f:201:16:201:38":13,"s:202:2:226:Infinity":28,"b:207:34:207:63:207:63:207:Infinity":16,"b:208:30:208:57:208:57:208:Infinity":17,"b:209:13:209:34:209:34:209:Infinity":18,"b:210:19:210:45:210:45:210:Infinity":19,"b:211:14:211:32:211:32:211:Infinity":20,"b:214:20:214:52:214:52:214:Infinity":21,"b:217:25:217:69:217:69:217:Infinity":22,"b:218:23:218:66:218:66:218:Infinity":23},"fnNames":{}}}
}
