{"/Users/davidcutura/Projects/ReactTicketing/reactticket/src/index.ts": {"path":"/Users/davidcutura/Projects/ReactTicketing/reactticket/src/index.ts","statementMap":{},"fnMap":{},"branchMap":{},"s":{},"f":{},"b":{},"meta":{"lastBranch":0,"lastFunction":0,"lastStatement":0,"seen":{},"fnNames":{}}}
,"/Users/davidcutura/Projects/ReactTicketing/reactticket/src/adapters/index.ts": {"path":"/Users/davidcutura/Projects/ReactTicketing/reactticket/src/adapters/index.ts","statementMap":{},"fnMap":{},"branchMap":{},"s":{},"f":{},"b":{},"meta":{"lastBranch":0,"lastFunction":0,"lastStatement":0,"seen":{},"fnNames":{}}}
,"/Users/davidcutura/Projects/ReactTicketing/reactticket/src/components/ReactTicket.tsx": {"path":"/Users/davidcutura/Projects/ReactTicketing/reactticket/src/components/ReactTicket.tsx","statementMap":{"0":{"start":{"line":33,"column":6},"end":{"line":41,"column":null}},"1":{"start":{"line":34,"column":2},"end":{"line":40,"column":null}},"2":{"start":{"line":35,"column":23},"end":{"line":35,"column":null}},"3":{"start":{"line":36,"column":18},"end":{"line":36,"column":null}},"4":{"start":{"line":37,"column":20},"end":{"line":37,"column":null}},"5":{"start":{"line":38,"column":20},"end":{"line":38,"column":null}},"6":{"start":{"line":39,"column":13},"end":{"line":39,"column":null}},"7":{"start":{"line":43,"column":13},"end":{"line":67,"column":null}},"8":{"start":{"line":44,"column":8},"end":{"line":48,"column":null}},"9":{"start":{"line":50,"column":2},"end":{"line":52,"column":null}},"10":{"start":{"line":51,"column":4},"end":{"line":51,"column":null}},"11":{"start":{"line":54,"column":2},"end":{"line":56,"column":null}},"12":{"start":{"line":55,"column":4},"end":{"line":55,"column":null}},"13":{"start":{"line":58,"column":2},"end":{"line":65,"column":null}}},"fnMap":{"0":{"name":"(anonymous_0)","decl":{"start":{"line":33,"column":6},"end":{"line":33,"column":20}},"loc":{"start":{"line":33,"column":145},"end":{"line":41,"column":null}},"line":33},"1":{"name":"(anonymous_1)","decl":{"start":{"line":43,"column":13},"end":{"line":43,"column":28}},"loc":{"start":{"line":43,"column":56},"end":{"line":67,"column":null}},"line":43}},"branchMap":{"0":{"loc":{"start":{"line":34,"column":2},"end":{"line":40,"column":null}},"type":"switch","locations":[{"start":{"line":35,"column":4},"end":{"line":35,"column":null}},{"start":{"line":36,"column":4},"end":{"line":36,"column":null}},{"start":{"line":37,"column":4},"end":{"line":37,"column":null}},{"start":{"line":38,"column":4},"end":{"line":38,"column":null}},{"start":{"line":39,"column":4},"end":{"line":39,"column":null}}],"line":34},"1":{"loc":{"start":{"line":46,"column":10},"end":{"line":47,"column":null}},"type":"binary-expr","locations":[{"start":{"line":46,"column":10},"end":{"line":46,"column":null}},{"start":{"line":47,"column":28},"end":{"line":47,"column":null}}],"line":46},"2":{"loc":{"start":{"line":50,"column":2},"end":{"line":52,"column":null}},"type":"if","locations":[{"start":{"line":50,"column":2},"end":{"line":52,"column":null}},{"start":{},"end":{}}],"line":50},"3":{"loc":{"start":{"line":54,"column":2},"end":{"line":56,"column":null}},"type":"if","locations":[{"start":{"line":54,"column":2},"end":{"line":56,"column":null}},{"start":{},"end":{}}],"line":54},"4":{"loc":{"start":{"line":59,"column":26},"end":{"line":59,"column":73}},"type":"binary-expr","locations":[{"start":{"line":59,"column":26},"end":{"line":59,"column":42}},{"start":{"line":59,"column":42},"end":{"line":59,"column":73}}],"line":59},"5":{"loc":{"start":{"line":61,"column":44},"end":{"line":61,"column":69}},"type":"binary-expr","locations":[{"start":{"line":61,"column":44},"end":{"line":61,"column":63}},{"start":{"line":61,"column":63},"end":{"line":61,"column":69}}],"line":61}},"s":{"0":1,"1":4,"2":0,"3":1,"4":1,"5":1,"6":1,"7":1,"8":4,"9":4,"10":0,"11":4,"12":0,"13":4},"f":{"0":4,"1":4},"b":{"0":[0,1,1,1,1],"1":[4,0],"2":[0,4],"3":[0,4],"4":[4,4],"5":[4,4]},"meta":{"lastBranch":6,"lastFunction":2,"lastStatement":14,"seen":{"s:33:6:41:Infinity":0,"f:33:6:33:20":0,"b:35:4:35:Infinity:36:4:36:Infinity:37:4:37:Infinity:38:4:38:Infinity:39:4:39:Infinity":0,"s:34:2:40:Infinity":1,"s:35:23:35:Infinity":2,"s:36:18:36:Infinity":3,"s:37:20:37:Infinity":4,"s:38:20:38:Infinity":5,"s:39:13:39:Infinity":6,"s:43:13:67:Infinity":7,"f:43:13:43:28":1,"s:44:8:48:Infinity":8,"b:46:10:46:Infinity:47:28:47:Infinity":1,"b:50:2:52:Infinity:undefined:undefined:undefined:undefined":2,"s:50:2:52:Infinity":9,"s:51:4:51:Infinity":10,"b:54:2:56:Infinity:undefined:undefined:undefined:undefined":3,"s:54:2:56:Infinity":11,"s:55:4:55:Infinity":12,"s:58:2:65:Infinity":13,"b:59:26:59:42:59:42:59:73":4,"b:61:44:61:63:61:63:61:69":5},"fnNames":{}}}
,"/Users/davidcutura/Projects/ReactTicketing/reactticket/src/components/admin/AdminPanel.tsx": {"path":"/Users/davidcutura/Projects/ReactTicketing/reactticket/src/components/admin/AdminPanel.tsx","statementMap":{"0":{"start":{"line":10,"column":13},"end":{"line":73,"column":null}},"1":{"start":{"line":11,"column":40},"end":{"line":11,"column":null}},"2":{"start":{"line":12,"column":8},"end":{"line":12,"column":null}},"3":{"start":{"line":12,"column":36},"end":{"line":12,"column":78}},"4":{"start":{"line":13,"column":10},"end":{"line":13,"column":null}},"5":{"start":{"line":14,"column":19},"end":{"line":14,"column":null}},"6":{"start":{"line":15,"column":26},"end":{"line":15,"column":null}},"7":{"start":{"line":16,"column":23},"end":{"line":16,"column":null}},"8":{"start":{"line":18,"column":22},"end":{"line":32,"column":null}},"9":{"start":{"line":19,"column":4},"end":{"line":19,"column":null}},"10":{"start":{"line":20,"column":20},"end":{"line":20,"column":null}},"11":{"start":{"line":21,"column":4},"end":{"line":30,"column":null}},"12":{"start":{"line":22,"column":6},"end":{"line":22,"column":null}},"13":{"start":{"line":23,"column":6},"end":{"line":26,"column":null}},"14":{"start":{"line":28,"column":6},"end":{"line":28,"column":null}},"15":{"start":{"line":29,"column":6},"end":{"line":29,"column":null}},"16":{"start":{"line":31,"column":4},"end":{"line":31,"column":null}},"17":{"start":{"line":34,"column":8},"end":{"line":37,"column":null}},"18":{"start":{"line":35,"column":6},"end":{"line":35,"column":null}},"19":{"start":{"line":36,"column":6},"end":{"line":36,"column":null}},"20":{"start":{"line":39,"column":8},"end":{"line":39,"column":null}},"21":{"start":{"line":39,"column":35},"end":{"line":39,"column":null}},"22":{"start":{"line":41,"column":2},"end":{"line":59,"column":null}},"23":{"start":{"line":42,"column":4},"end":{"line":57,"column":null}},"24":{"start":{"line":50,"column":27},"end":{"line":50,"column":null}},"25":{"start":{"line":52,"column":29},"end":{"line":52,"column":null}},"26":{"start":{"line":61,"column":2},"end":{"line":71,"column":null}}},"fnMap":{"0":{"name":"(anonymous_0)","decl":{"start":{"line":10,"column":13},"end":{"line":10,"column":42}},"loc":{"start":{"line":10,"column":42},"end":{"line":73,"column":null}},"line":10},"1":{"name":"(anonymous_1)","decl":{"start":{"line":12,"column":22},"end":{"line":12,"column":36}},"loc":{"start":{"line":12,"column":36},"end":{"line":12,"column":78}},"line":12},"2":{"name":"(anonymous_2)","decl":{"start":{"line":18,"column":22},"end":{"line":18,"column":34}},"loc":{"start":{"line":18,"column":34},"end":{"line":32,"column":null}},"line":18},"3":{"name":"(anonymous_3)","decl":{"start":{"line":34,"column":8},"end":{"line":34,"column":29}},"loc":{"start":{"line":34,"column":29},"end":{"line":37,"column":null}},"line":34},"4":{"name":"(anonymous_4)","decl":{"start":{"line":39,"column":8},"end":{"line":39,"column":22}},"loc":{"start":{"line":39,"column":35},"end":{"line":39,"column":null}},"line":39},"5":{"name":"(anonymous_5)","decl":{"start":{"line":50,"column":10},"end":{"line":50,"column":21}},"loc":{"start":{"line":50,"column":27},"end":{"line":50,"column":null}},"line":50},"6":{"name":"(anonymous_6)","decl":{"start":{"line":52,"column":10},"end":{"line":52,"column":23}},"loc":{"start":{"line":52,"column":29},"end":{"line":52,"column":null}},"line":52}},"branchMap":{"0":{"loc":{"start":{"line":21,"column":4},"end":{"line":30,"column":null}},"type":"if","locations":[{"start":{"line":21,"column":4},"end":{"line":30,"column":null}},{"start":{"line":27,"column":11},"end":{"line":30,"column":null}}],"line":21},"1":{"loc":{"start":{"line":39,"column":35},"end":{"line":39,"column":null}},"type":"cond-expr","locations":[{"start":{"line":39,"column":61},"end":{"line":39,"column":83}},{"start":{"line":39,"column":83},"end":{"line":39,"column":null}}],"line":39},"2":{"loc":{"start":{"line":39,"column":90},"end":{"line":39,"column":99}},"type":"binary-expr","locations":[{"start":{"line":39,"column":90},"end":{"line":39,"column":97}},{"start":{"line":39,"column":97},"end":{"line":39,"column":99}}],"line":39},"3":{"loc":{"start":{"line":41,"column":2},"end":{"line":59,"column":null}},"type":"if","locations":[{"start":{"line":41,"column":2},"end":{"line":59,"column":null}},{"start":{},"end":{}}],"line":41},"4":{"loc":{"start":{"line":52,"column":29},"end":{"line":52,"column":null}},"type":"binary-expr","locations":[{"start":{"line":52,"column":29},"end":{"line":52,"column":50}},{"start":{"line":52,"column":50},"end":{"line":52,"column":null}}],"line":52},"5":{"loc":{"start":{"line":55,"column":13},"end":{"line":55,"column":null}},"type":"cond-expr","locations":[{"start":{"line":55,"column":28},"end":{"line":55,"column":46}},{"start":{"line":55,"column":46},"end":{"line":55,"column":null}}],"line":55}},"s":{"0":1,"1":6,"2":6,"3":2,"4":6,"5":6,"6":6,"7":6,"8":6,"9":1,"10":1,"11":1,"12":1,"13":1,"14":0,"15":0,"16":1,"17":6,"18":1,"19":1,"20":6,"21":0,"22":6,"23":4,"24":1,"25":0,"26":2},"f":{"0":6,"1":2,"2":1,"3":1,"4":0,"5":1,"6":0},"b":{"0":[1,0],"1":[0,0],"2":[0,0],"3":[4,2],"4":[0,0],"5":[1,3]},"meta":{"lastBranch":6,"lastFunction":7,"lastStatement":27,"seen":{"s:10:13:73:Infinity":0,"f:10:13:10:42":0,"s:11:40:11:Infinity":1,"s:12:8:12:Infinity":2,"f:12:22:12:36":1,"s:12:36:12:78":3,"s:13:10:13:Infinity":4,"s:14:19:14:Infinity":5,"s:15:26:15:Infinity":6,"s:16:23:16:Infinity":7,"s:18:22:32:Infinity":8,"f:18:22:18:34":2,"s:19:4:19:Infinity":9,"s:20:20:20:Infinity":10,"b:21:4:30:Infinity:27:11:30:Infinity":0,"s:21:4:30:Infinity":11,"s:22:6:22:Infinity":12,"s:23:6:26:Infinity":13,"s:28:6:28:Infinity":14,"s:29:6:29:Infinity":15,"s:31:4:31:Infinity":16,"s:34:8:37:Infinity":17,"f:34:8:34:29":3,"s:35:6:35:Infinity":18,"s:36:6:36:Infinity":19,"s:39:8:39:Infinity":20,"f:39:8:39:22":4,"s:39:35:39:Infinity":21,"b:39:61:39:83:39:83:39:Infinity":1,"b:39:90:39:97:39:97:39:99":2,"b:41:2:59:Infinity:undefined:undefined:undefined:undefined":3,"s:41:2:59:Infinity":22,"s:42:4:57:Infinity":23,"f:50:10:50:21":5,"s:50:27:50:Infinity":24,"f:52:10:52:23":6,"s:52:29:52:Infinity":25,"b:52:29:52:50:52:50:52:Infinity":4,"b:55:28:55:46:55:46:55:Infinity":5,"s:61:2:71:Infinity":26},"fnNames":{}}}
,"/Users/davidcutura/Projects/ReactTicketing/reactticket/src/components/admin/CapacityOverview.tsx": {"path":"/Users/davidcutura/Projects/ReactTicketing/reactticket/src/components/admin/CapacityOverview.tsx","statementMap":{"0":{"start":{"line":4,"column":13},"end":{"line":71,"column":null}},"1":{"start":{"line":5,"column":32},"end":{"line":5,"column":null}},"2":{"start":{"line":6,"column":23},"end":{"line":6,"column":null}},"3":{"start":{"line":8,"column":2},"end":{"line":17,"column":null}},"4":{"start":{"line":9,"column":24},"end":{"line":15,"column":null}},"5":{"start":{"line":10,"column":45},"end":{"line":10,"column":null}},"6":{"start":{"line":11,"column":6},"end":{"line":13,"column":null}},"7":{"start":{"line":12,"column":8},"end":{"line":12,"column":null}},"8":{"start":{"line":14,"column":6},"end":{"line":14,"column":null}},"9":{"start":{"line":16,"column":4},"end":{"line":16,"column":null}},"10":{"start":{"line":19,"column":31},"end":{"line":22,"column":null}},"11":{"start":{"line":20,"column":19},"end":{"line":20,"column":null}},"12":{"start":{"line":21,"column":4},"end":{"line":21,"column":null}},"13":{"start":{"line":24,"column":2},"end":{"line":69,"column":null}},"14":{"start":{"line":37,"column":30},"end":{"line":37,"column":null}},"15":{"start":{"line":38,"column":27},"end":{"line":38,"column":null}},"16":{"start":{"line":39,"column":18},"end":{"line":39,"column":null}},"17":{"start":{"line":40,"column":29},"end":{"line":40,"column":null}},"18":{"start":{"line":41,"column":28},"end":{"line":41,"column":null}},"19":{"start":{"line":43,"column":12},"end":{"line":61,"column":null}}},"fnMap":{"0":{"name":"(anonymous_0)","decl":{"start":{"line":4,"column":13},"end":{"line":4,"column":48}},"loc":{"start":{"line":4,"column":48},"end":{"line":71,"column":null}},"line":4},"1":{"name":"(anonymous_1)","decl":{"start":{"line":8,"column":2},"end":{"line":8,"column":18}},"loc":{"start":{"line":8,"column":18},"end":{"line":17,"column":5}},"line":8},"2":{"name":"(anonymous_2)","decl":{"start":{"line":9,"column":24},"end":{"line":9,"column":36}},"loc":{"start":{"line":9,"column":36},"end":{"line":15,"column":null}},"line":9},"3":{"name":"(anonymous_3)","decl":{"start":{"line":19,"column":43},"end":{"line":19,"column":51}},"loc":{"start":{"line":19,"column":65},"end":{"line":22,"column":5}},"line":19},"4":{"name":"(anonymous_4)","decl":{"start":{"line":36,"column":23},"end":{"line":36,"column":28}},"loc":{"start":{"line":36,"column":37},"end":{"line":63,"column":11}},"line":36}},"branchMap":{"0":{"loc":{"start":{"line":20,"column":19},"end":{"line":20,"column":null}},"type":"binary-expr","locations":[{"start":{"line":20,"column":19},"end":{"line":20,"column":57}},{"start":{"line":20,"column":57},"end":{"line":20,"column":null}}],"line":20},"1":{"loc":{"start":{"line":21,"column":18},"end":{"line":21,"column":40}},"type":"binary-expr","locations":[{"start":{"line":21,"column":18},"end":{"line":21,"column":35}},{"start":{"line":21,"column":35},"end":{"line":21,"column":40}}],"line":21},"2":{"loc":{"start":{"line":37,"column":30},"end":{"line":37,"column":null}},"type":"binary-expr","locations":[{"start":{"line":37,"column":30},"end":{"line":37,"column":55}},{"start":{"line":37,"column":55},"end":{"line":37,"column":null}}],"line":37},"3":{"loc":{"start":{"line":38,"column":27},"end":{"line":38,"column":null}},"type":"binary-expr","locations":[{"start":{"line":38,"column":27},"end":{"line":38,"column":65}},{"start":{"line":38,"column":65},"end":{"line":38,"column":null}}],"line":38},"4":{"loc":{"start":{"line":39,"column":37},"end":{"line":39,"column":59}},"type":"binary-expr","locations":[{"start":{"line":39,"column":37},"end":{"line":39,"column":54}},{"start":{"line":39,"column":54},"end":{"line":39,"column":59}}],"line":39},"5":{"loc":{"start":{"line":40,"column":29},"end":{"line":40,"column":null}},"type":"binary-expr","locations":[{"start":{"line":40,"column":29},"end":{"line":40,"column":46}},{"start":{"line":40,"column":46},"end":{"line":40,"column":null}}],"line":40},"6":{"loc":{"start":{"line":41,"column":28},"end":{"line":41,"column":null}},"type":"cond-expr","locations":[{"start":{"line":41,"column":43},"end":{"line":41,"column":89}},{"start":{"line":41,"column":89},"end":{"line":41,"column":null}}],"line":41},"7":{"loc":{"start":{"line":45,"column":56},"end":{"line":45,"column":71}},"type":"binary-expr","locations":[{"start":{"line":45,"column":56},"end":{"line":45,"column":69}},{"start":{"line":45,"column":69},"end":{"line":45,"column":71}}],"line":45},"8":{"loc":{"start":{"line":55,"column":86},"end":{"line":55,"column":125}},"type":"cond-expr","locations":[{"start":{"line":55,"column":103},"end":{"line":55,"column":115}},{"start":{"line":55,"column":115},"end":{"line":55,"column":125}}],"line":55},"9":{"loc":{"start":{"line":57,"column":92},"end":{"line":57,"column":128}},"type":"cond-expr","locations":[{"start":{"line":57,"column":107},"end":{"line":57,"column":118}},{"start":{"line":57,"column":118},"end":{"line":57,"column":128}}],"line":57}},"s":{"0":1,"1":3,"2":3,"3":3,"4":2,"5":2,"6":2,"7":2,"8":2,"9":2,"10":3,"11":4,"12":4,"13":3,"14":4,"15":4,"16":4,"17":4,"18":4,"19":4},"f":{"0":3,"1":2,"2":2,"3":4,"4":4},"b":{"0":[4,0],"1":[4,0],"2":[4,2],"3":[4,0],"4":[4,0],"5":[4,0],"6":[4,0],"7":[4,0],"8":[1,3],"9":[4,0]},"meta":{"lastBranch":10,"lastFunction":5,"lastStatement":20,"seen":{"s:4:13:71:Infinity":0,"f:4:13:4:48":0,"s:5:32:5:Infinity":1,"s:6:23:6:Infinity":2,"s:8:2:17:Infinity":3,"f:8:2:8:18":1,"s:9:24:15:Infinity":4,"f:9:24:9:36":2,"s:10:45:10:Infinity":5,"s:11:6:13:Infinity":6,"s:12:8:12:Infinity":7,"s:14:6:14:Infinity":8,"s:16:4:16:Infinity":9,"s:19:31:22:Infinity":10,"f:19:43:19:51":3,"s:20:19:20:Infinity":11,"b:20:19:20:57:20:57:20:Infinity":0,"s:21:4:21:Infinity":12,"b:21:18:21:35:21:35:21:40":1,"s:24:2:69:Infinity":13,"f:36:23:36:28":4,"s:37:30:37:Infinity":14,"b:37:30:37:55:37:55:37:Infinity":2,"s:38:27:38:Infinity":15,"b:38:27:38:65:38:65:38:Infinity":3,"s:39:18:39:Infinity":16,"b:39:37:39:54:39:54:39:59":4,"s:40:29:40:Infinity":17,"b:40:29:40:46:40:46:40:Infinity":5,"s:41:28:41:Infinity":18,"b:41:43:41:89:41:89:41:Infinity":6,"s:43:12:61:Infinity":19,"b:45:56:45:69:45:69:45:71":7,"b:55:103:55:115:55:115:55:125":8,"b:57:107:57:118:57:118:57:128":9},"fnNames":{}}}
,"/Users/davidcutura/Projects/ReactTicketing/reactticket/src/components/admin/PricingInput.tsx": {"path":"/Users/davidcutura/Projects/ReactTicketing/reactticket/src/components/admin/PricingInput.tsx","statementMap":{"0":{"start":{"line":11,"column":13},"end":{"line":131,"column":null}},"1":{"start":{"line":17,"column":15},"end":{"line":17,"column":null}},"2":{"start":{"line":18,"column":21},"end":{"line":18,"column":null}},"3":{"start":{"line":21,"column":25},"end":{"line":21,"column":null}},"4":{"start":{"line":22,"column":31},"end":{"line":22,"column":null}},"5":{"start":{"line":23,"column":21},"end":{"line":23,"column":null}},"6":{"start":{"line":25,"column":2},"end":{"line":49,"column":null}},"7":{"start":{"line":29,"column":4},"end":{"line":32,"column":null}},"8":{"start":{"line":30,"column":6},"end":{"line":30,"column":null}},"9":{"start":{"line":31,"column":6},"end":{"line":31,"column":null}},"10":{"start":{"line":34,"column":14},"end":{"line":34,"column":null}},"11":{"start":{"line":35,"column":4},"end":{"line":48,"column":null}},"12":{"start":{"line":38,"column":23},"end":{"line":38,"column":null}},"13":{"start":{"line":39,"column":6},"end":{"line":41,"column":null}},"14":{"start":{"line":40,"column":8},"end":{"line":40,"column":null}},"15":{"start":{"line":43,"column":17},"end":{"line":43,"column":null}},"16":{"start":{"line":44,"column":23},"end":{"line":44,"column":null}},"17":{"start":{"line":45,"column":6},"end":{"line":47,"column":null}},"18":{"start":{"line":46,"column":8},"end":{"line":46,"column":null}},"19":{"start":{"line":51,"column":8},"end":{"line":71,"column":null}},"20":{"start":{"line":52,"column":16},"end":{"line":52,"column":null}},"21":{"start":{"line":53,"column":4},"end":{"line":53,"column":null}},"22":{"start":{"line":55,"column":19},"end":{"line":55,"column":null}},"23":{"start":{"line":56,"column":4},"end":{"line":59,"column":null}},"24":{"start":{"line":57,"column":6},"end":{"line":57,"column":null}},"25":{"start":{"line":58,"column":6},"end":{"line":58,"column":null}},"26":{"start":{"line":61,"column":4},"end":{"line":70,"column":null}},"27":{"start":{"line":62,"column":6},"end":{"line":62,"column":null}},"28":{"start":{"line":66,"column":16},"end":{"line":66,"column":null}},"29":{"start":{"line":67,"column":10},"end":{"line":67,"column":null}},"30":{"start":{"line":68,"column":6},"end":{"line":68,"column":null}},"31":{"start":{"line":68,"column":17},"end":{"line":68,"column":null}},"32":{"start":{"line":69,"column":6},"end":{"line":69,"column":null}},"33":{"start":{"line":73,"column":8},"end":{"line":89,"column":null}},"34":{"start":{"line":74,"column":19},"end":{"line":74,"column":null}},"35":{"start":{"line":75,"column":4},"end":{"line":75,"column":null}},"36":{"start":{"line":75,"column":38},"end":{"line":75,"column":null}},"37":{"start":{"line":77,"column":4},"end":{"line":88,"column":null}},"38":{"start":{"line":79,"column":16},"end":{"line":79,"column":null}},"39":{"start":{"line":80,"column":12},"end":{"line":80,"column":null}},"40":{"start":{"line":81,"column":6},"end":{"line":81,"column":null}},"41":{"start":{"line":84,"column":16},"end":{"line":84,"column":null}},"42":{"start":{"line":85,"column":17},"end":{"line":85,"column":null}},"43":{"start":{"line":86,"column":25},"end":{"line":86,"column":null}},"44":{"start":{"line":87,"column":6},"end":{"line":87,"column":null}},"45":{"start":{"line":91,"column":2},"end":{"line":129,"column":null}},"46":{"start":{"line":96,"column":27},"end":{"line":96,"column":null}},"47":{"start":{"line":116,"column":25},"end":{"line":116,"column":null}}},"fnMap":{"0":{"name":"(anonymous_0)","decl":{"start":{"line":11,"column":13},"end":{"line":11,"column":58}},"loc":{"start":{"line":16,"column":6},"end":{"line":131,"column":null}},"line":16},"1":{"name":"(anonymous_1)","decl":{"start":{"line":25,"column":2},"end":{"line":25,"column":18}},"loc":{"start":{"line":25,"column":18},"end":{"line":49,"column":5}},"line":25},"2":{"name":"(anonymous_2)","decl":{"start":{"line":51,"column":8},"end":{"line":51,"column":29}},"loc":{"start":{"line":51,"column":72},"end":{"line":71,"column":null}},"line":51},"3":{"name":"(anonymous_3)","decl":{"start":{"line":73,"column":8},"end":{"line":73,"column":29}},"loc":{"start":{"line":73,"column":29},"end":{"line":89,"column":null}},"line":73},"4":{"name":"(anonymous_4)","decl":{"start":{"line":96,"column":10},"end":{"line":96,"column":21}},"loc":{"start":{"line":96,"column":27},"end":{"line":96,"column":null}},"line":96},"5":{"name":"(anonymous_5)","decl":{"start":{"line":116,"column":10},"end":{"line":116,"column":20}},"loc":{"start":{"line":116,"column":25},"end":{"line":116,"column":null}},"line":116}},"branchMap":{"0":{"loc":{"start":{"line":29,"column":4},"end":{"line":32,"column":null}},"type":"if","locations":[{"start":{"line":29,"column":4},"end":{"line":32,"column":null}},{"start":{},"end":{}}],"line":29},"1":{"loc":{"start":{"line":29,"column":8},"end":{"line":29,"column":41}},"type":"binary-expr","locations":[{"start":{"line":29,"column":8},"end":{"line":29,"column":28}},{"start":{"line":29,"column":28},"end":{"line":29,"column":41}}],"line":29},"2":{"loc":{"start":{"line":35,"column":4},"end":{"line":48,"column":null}},"type":"if","locations":[{"start":{"line":35,"column":4},"end":{"line":48,"column":null}},{"start":{"line":42,"column":11},"end":{"line":48,"column":null}}],"line":35},"3":{"loc":{"start":{"line":39,"column":6},"end":{"line":41,"column":null}},"type":"if","locations":[{"start":{"line":39,"column":6},"end":{"line":41,"column":null}},{"start":{},"end":{}}],"line":39},"4":{"loc":{"start":{"line":39,"column":10},"end":{"line":39,"column":72}},"type":"binary-expr","locations":[{"start":{"line":39,"column":10},"end":{"line":39,"column":29}},{"start":{"line":39,"column":29},"end":{"line":39,"column":72}}],"line":39},"5":{"loc":{"start":{"line":40,"column":22},"end":{"line":40,"column":43}},"type":"cond-expr","locations":[{"start":{"line":40,"column":26},"end":{"line":40,"column":41}},{"start":{"line":40,"column":41},"end":{"line":40,"column":43}}],"line":40},"6":{"loc":{"start":{"line":45,"column":6},"end":{"line":47,"column":null}},"type":"if","locations":[{"start":{"line":45,"column":6},"end":{"line":47,"column":null}},{"start":{},"end":{}}],"line":45},"7":{"loc":{"start":{"line":45,"column":10},"end":{"line":45,"column":60}},"type":"binary-expr","locations":[{"start":{"line":45,"column":10},"end":{"line":45,"column":29}},{"start":{"line":45,"column":29},"end":{"line":45,"column":60}}],"line":45},"8":{"loc":{"start":{"line":46,"column":22},"end":{"line":46,"column":47}},"type":"cond-expr","locations":[{"start":{"line":46,"column":30},"end":{"line":46,"column":45}},{"start":{"line":46,"column":45},"end":{"line":46,"column":47}}],"line":46},"9":{"loc":{"start":{"line":56,"column":4},"end":{"line":59,"column":null}},"type":"if","locations":[{"start":{"line":56,"column":4},"end":{"line":59,"column":null}},{"start":{},"end":{}}],"line":56},"10":{"loc":{"start":{"line":56,"column":8},"end":{"line":56,"column":37}},"type":"binary-expr","locations":[{"start":{"line":56,"column":8},"end":{"line":56,"column":25}},{"start":{"line":56,"column":25},"end":{"line":56,"column":37}}],"line":56},"11":{"loc":{"start":{"line":61,"column":4},"end":{"line":70,"column":null}},"type":"if","locations":[{"start":{"line":61,"column":4},"end":{"line":70,"column":null}},{"start":{"line":63,"column":11},"end":{"line":70,"column":null}}],"line":61},"12":{"loc":{"start":{"line":68,"column":6},"end":{"line":68,"column":null}},"type":"if","locations":[{"start":{"line":68,"column":6},"end":{"line":68,"column":null}},{"start":{},"end":{}}],"line":68},"13":{"loc":{"start":{"line":75,"column":4},"end":{"line":75,"column":null}},"type":"if","locations":[{"start":{"line":75,"column":4},"end":{"line":75,"column":null}},{"start":{},"end":{}}],"line":75},"14":{"loc":{"start":{"line":75,"column":8},"end":{"line":75,"column":38}},"type":"binary-expr","locations":[{"start":{"line":75,"column":8},"end":{"line":75,"column":25}},{"start":{"line":75,"column":25},"end":{"line":75,"column":38}}],"line":75},"15":{"loc":{"start":{"line":77,"column":4},"end":{"line":88,"column":null}},"type":"if","locations":[{"start":{"line":77,"column":4},"end":{"line":88,"column":null}},{"start":{"line":82,"column":11},"end":{"line":88,"column":null}}],"line":77},"16":{"loc":{"start":{"line":86,"column":25},"end":{"line":86,"column":null}},"type":"cond-expr","locations":[{"start":{"line":86,"column":29},"end":{"line":86,"column":81}},{"start":{"line":86,"column":77},"end":{"line":86,"column":null}}],"line":86}},"s":{"0":4,"1":21,"2":21,"3":21,"4":21,"5":21,"6":21,"7":17,"8":14,"9":14,"10":3,"11":3,"12":2,"13":2,"14":2,"15":1,"16":1,"17":1,"18":1,"19":21,"20":1,"21":1,"22":1,"23":1,"24":0,"25":0,"26":1,"27":0,"28":1,"29":1,"30":1,"31":0,"32":1,"33":21,"34":21,"35":21,"36":16,"37":5,"38":3,"39":3,"40":3,"41":2,"42":2,"43":2,"44":2,"45":21,"46":1,"47":0},"f":{"0":21,"1":17,"2":1,"3":21,"4":1,"5":0},"b":{"0":[14,3],"1":[17,14],"2":[2,1],"3":[2,0],"4":[2,0],"5":[2,0],"6":[1,0],"7":[1,1],"8":[1,0],"9":[0,1],"10":[1,1],"11":[0,1],"12":[0,1],"13":[16,5],"14":[21,5],"15":[3,2],"16":[2,0]},"meta":{"lastBranch":17,"lastFunction":6,"lastStatement":48,"seen":{"s:11:13:131:Infinity":0,"f:11:13:11:58":0,"s:17:15:17:Infinity":1,"s:18:21:18:Infinity":2,"s:21:25:21:Infinity":3,"s:22:31:22:Infinity":4,"s:23:21:23:Infinity":5,"s:25:2:49:Infinity":6,"f:25:2:25:18":1,"b:29:4:32:Infinity:undefined:undefined:undefined:undefined":0,"s:29:4:32:Infinity":7,"b:29:8:29:28:29:28:29:41":1,"s:30:6:30:Infinity":8,"s:31:6:31:Infinity":9,"s:34:14:34:Infinity":10,"b:35:4:48:Infinity:42:11:48:Infinity":2,"s:35:4:48:Infinity":11,"s:38:23:38:Infinity":12,"b:39:6:41:Infinity:undefined:undefined:undefined:undefined":3,"s:39:6:41:Infinity":13,"b:39:10:39:29:39:29:39:72":4,"s:40:8:40:Infinity":14,"b:40:26:40:41:40:41:40:43":5,"s:43:17:43:Infinity":15,"s:44:23:44:Infinity":16,"b:45:6:47:Infinity:undefined:undefined:undefined:undefined":6,"s:45:6:47:Infinity":17,"b:45:10:45:29:45:29:45:60":7,"s:46:8:46:Infinity":18,"b:46:30:46:45:46:45:46:47":8,"s:51:8:71:Infinity":19,"f:51:8:51:29":2,"s:52:16:52:Infinity":20,"s:53:4:53:Infinity":21,"s:55:19:55:Infinity":22,"b:56:4:59:Infinity:undefined:undefined:undefined:undefined":9,"s:56:4:59:Infinity":23,"b:56:8:56:25:56:25:56:37":10,"s:57:6:57:Infinity":24,"s:58:6:58:Infinity":25,"b:61:4:70:Infinity:63:11:70:Infinity":11,"s:61:4:70:Infinity":26,"s:62:6:62:Infinity":27,"s:66:16:66:Infinity":28,"s:67:10:67:Infinity":29,"b:68:6:68:Infinity:undefined:undefined:undefined:undefined":12,"s:68:6:68:Infinity":30,"s:68:17:68:Infinity":31,"s:69:6:69:Infinity":32,"s:73:8:89:Infinity":33,"f:73:8:73:29":3,"s:74:19:74:Infinity":34,"b:75:4:75:Infinity:undefined:undefined:undefined:undefined":13,"s:75:4:75:Infinity":35,"b:75:8:75:25:75:25:75:38":14,"s:75:38:75:Infinity":36,"b:77:4:88:Infinity:82:11:88:Infinity":15,"s:77:4:88:Infinity":37,"s:79:16:79:Infinity":38,"s:80:12:80:Infinity":39,"s:81:6:81:Infinity":40,"s:84:16:84:Infinity":41,"s:85:17:85:Infinity":42,"s:86:25:86:Infinity":43,"b:86:29:86:81:86:77:86:Infinity":16,"s:87:6:87:Infinity":44,"s:91:2:129:Infinity":45,"f:96:10:96:21":4,"s:96:27:96:Infinity":46,"f:116:10:116:20":5,"s:116:25:116:Infinity":47},"fnNames":{}}}
,"/Users/davidcutura/Projects/ReactTicketing/reactticket/src/components/admin/PromoBatchForm.tsx": {"path":"/Users/davidcutura/Projects/ReactTicketing/reactticket/src/components/admin/PromoBatchForm.tsx","statementMap":{"0":{"start":{"line":12,"column":13},"end":{"line":53,"column":null}},"1":{"start":{"line":18,"column":2},"end":{"line":51,"column":null}},"2":{"start":{"line":21,"column":78},"end":{"line":21,"column":129}},"3":{"start":{"line":24,"column":67},"end":{"line":24,"column":129}},"4":{"start":{"line":27,"column":63},"end":{"line":27,"column":null}},"5":{"start":{"line":34,"column":79},"end":{"line":34,"column":149}},"6":{"start":{"line":39,"column":65},"end":{"line":39,"column":null}},"7":{"start":{"line":41,"column":36},"end":{"line":41,"column":85}},"8":{"start":{"line":46,"column":69},"end":{"line":46,"column":125}}},"fnMap":{"0":{"name":"(anonymous_0)","decl":{"start":{"line":12,"column":13},"end":{"line":12,"column":62}},"loc":{"start":{"line":17,"column":6},"end":{"line":53,"column":null}},"line":17},"1":{"name":"(anonymous_1)","decl":{"start":{"line":21,"column":63},"end":{"line":21,"column":73}},"loc":{"start":{"line":21,"column":78},"end":{"line":21,"column":129}},"line":21},"2":{"name":"(anonymous_2)","decl":{"start":{"line":24,"column":52},"end":{"line":24,"column":62}},"loc":{"start":{"line":24,"column":67},"end":{"line":24,"column":129}},"line":24},"3":{"name":"(anonymous_3)","decl":{"start":{"line":27,"column":48},"end":{"line":27,"column":58}},"loc":{"start":{"line":27,"column":63},"end":{"line":27,"column":null}},"line":27},"4":{"name":"(anonymous_4)","decl":{"start":{"line":34,"column":64},"end":{"line":34,"column":74}},"loc":{"start":{"line":34,"column":79},"end":{"line":34,"column":149}},"line":34},"5":{"name":"(anonymous_5)","decl":{"start":{"line":39,"column":50},"end":{"line":39,"column":60}},"loc":{"start":{"line":39,"column":65},"end":{"line":39,"column":null}},"line":39},"6":{"name":"(anonymous_6)","decl":{"start":{"line":41,"column":27},"end":{"line":41,"column":31}},"loc":{"start":{"line":41,"column":36},"end":{"line":41,"column":85}},"line":41},"7":{"name":"(anonymous_7)","decl":{"start":{"line":46,"column":54},"end":{"line":46,"column":64}},"loc":{"start":{"line":46,"column":69},"end":{"line":46,"column":125}},"line":46}},"branchMap":{"0":{"loc":{"start":{"line":32,"column":7},"end":{"line":35,"column":null}},"type":"binary-expr","locations":[{"start":{"line":32,"column":7},"end":{"line":32,"column":null}},{"start":{"line":33,"column":10},"end":{"line":35,"column":null}}],"line":32},"1":{"loc":{"start":{"line":37,"column":7},"end":{"line":43,"column":null}},"type":"binary-expr","locations":[{"start":{"line":37,"column":7},"end":{"line":37,"column":null}},{"start":{"line":38,"column":10},"end":{"line":43,"column":null}}],"line":37}},"s":{"0":1,"1":4,"2":0,"3":1,"4":1,"5":0,"6":0,"7":0,"8":1},"f":{"0":4,"1":0,"2":1,"3":1,"4":0,"5":0,"6":0,"7":1},"b":{"0":[4,4],"1":[4,0]},"meta":{"lastBranch":2,"lastFunction":8,"lastStatement":9,"seen":{"s:12:13:53:Infinity":0,"f:12:13:12:62":0,"s:18:2:51:Infinity":1,"f:21:63:21:73":1,"s:21:78:21:129":2,"f:24:52:24:62":2,"s:24:67:24:129":3,"f:27:48:27:58":3,"s:27:63:27:Infinity":4,"b:32:7:32:Infinity:33:10:35:Infinity":0,"f:34:64:34:74":4,"s:34:79:34:149":5,"b:37:7:37:Infinity:38:10:43:Infinity":1,"f:39:50:39:60":5,"s:39:65:39:Infinity":6,"f:41:27:41:31":6,"s:41:36:41:85":7,"f:46:54:46:64":7,"s:46:69:46:125":8},"fnNames":{}}}
,"/Users/davidcutura/Projects/ReactTicketing/reactticket/src/components/admin/PromoBatchList.tsx": {"path":"/Users/davidcutura/Projects/ReactTicketing/reactticket/src/components/admin/PromoBatchList.tsx","statementMap":{"0":{"start":{"line":17,"column":13},"end":{"line":99,"column":null}},"1":{"start":{"line":29,"column":2},"end":{"line":97,"column":null}},"2":{"start":{"line":32,"column":69},"end":{"line":32,"column":105}},"3":{"start":{"line":36,"column":27},"end":{"line":36,"column":54}},"4":{"start":{"line":37,"column":8},"end":{"line":95,"column":null}},"5":{"start":{"line":39,"column":27},"end":{"line":39,"column":null}},"6":{"start":{"line":40,"column":32},"end":{"line":40,"column":119}},"7":{"start":{"line":40,"column":74},"end":{"line":40,"column":94}},"8":{"start":{"line":40,"column":94},"end":{"line":40,"column":117}},"9":{"start":{"line":48,"column":33},"end":{"line":48,"column":54}},"10":{"start":{"line":49,"column":102},"end":{"line":49,"column":120}},"11":{"start":{"line":52,"column":102},"end":{"line":52,"column":131}},"12":{"start":{"line":52,"column":169},"end":{"line":52,"column":178}},"13":{"start":{"line":53,"column":44},"end":{"line":53,"column":53}},"14":{"start":{"line":55,"column":102},"end":{"line":55,"column":132}},"15":{"start":{"line":73,"column":18},"end":{"line":90,"column":null}},"16":{"start":{"line":85,"column":144},"end":{"line":85,"column":177}},"17":{"start":{"line":86,"column":146},"end":{"line":86,"column":185}}},"fnMap":{"0":{"name":"(anonymous_0)","decl":{"start":{"line":17,"column":13},"end":{"line":17,"column":62}},"loc":{"start":{"line":28,"column":6},"end":{"line":99,"column":null}},"line":28},"1":{"name":"(anonymous_1)","decl":{"start":{"line":32,"column":54},"end":{"line":32,"column":64}},"loc":{"start":{"line":32,"column":69},"end":{"line":32,"column":105}},"line":32},"2":{"name":"(anonymous_2)","decl":{"start":{"line":36,"column":15},"end":{"line":36,"column":22}},"loc":{"start":{"line":36,"column":27},"end":{"line":36,"column":54}},"line":36},"3":{"name":"(anonymous_3)","decl":{"start":{"line":36,"column":56},"end":{"line":36,"column":60}},"loc":{"start":{"line":37,"column":8},"end":{"line":95,"column":null}},"line":37},"4":{"name":"(anonymous_4)","decl":{"start":{"line":39,"column":12},"end":{"line":39,"column":27}},"loc":{"start":{"line":39,"column":27},"end":{"line":39,"column":null}},"line":39},"5":{"name":"(anonymous_5)","decl":{"start":{"line":40,"column":12},"end":{"line":40,"column":24}},"loc":{"start":{"line":40,"column":30},"end":{"line":40,"column":null}},"line":40},"6":{"name":"(anonymous_6)","decl":{"start":{"line":48,"column":17},"end":{"line":48,"column":27}},"loc":{"start":{"line":48,"column":33},"end":{"line":48,"column":54}},"line":48},"7":{"name":"(anonymous_7)","decl":{"start":{"line":49,"column":87},"end":{"line":49,"column":102}},"loc":{"start":{"line":49,"column":102},"end":{"line":49,"column":120}},"line":49},"8":{"name":"(anonymous_8)","decl":{"start":{"line":52,"column":87},"end":{"line":52,"column":102}},"loc":{"start":{"line":52,"column":102},"end":{"line":52,"column":131}},"line":52},"9":{"name":"(anonymous_9)","decl":{"start":{"line":52,"column":158},"end":{"line":52,"column":164}},"loc":{"start":{"line":52,"column":169},"end":{"line":52,"column":178}},"line":52},"10":{"name":"(anonymous_10)","decl":{"start":{"line":53,"column":33},"end":{"line":53,"column":39}},"loc":{"start":{"line":53,"column":44},"end":{"line":53,"column":53}},"line":53},"11":{"name":"(anonymous_11)","decl":{"start":{"line":55,"column":87},"end":{"line":55,"column":102}},"loc":{"start":{"line":55,"column":102},"end":{"line":55,"column":132}},"line":55},"12":{"name":"(anonymous_12)","decl":{"start":{"line":72,"column":29},"end":{"line":72,"column":33}},"loc":{"start":{"line":73,"column":18},"end":{"line":90,"column":null}},"line":73},"13":{"name":"(anonymous_13)","decl":{"start":{"line":85,"column":129},"end":{"line":85,"column":144}},"loc":{"start":{"line":85,"column":144},"end":{"line":85,"column":177}},"line":85},"14":{"name":"(anonymous_14)","decl":{"start":{"line":86,"column":131},"end":{"line":86,"column":146}},"loc":{"start":{"line":86,"column":146},"end":{"line":86,"column":185}},"line":86}},"branchMap":{"0":{"loc":{"start":{"line":36,"column":27},"end":{"line":36,"column":54}},"type":"binary-expr","locations":[{"start":{"line":36,"column":27},"end":{"line":36,"column":43}},{"start":{"line":36,"column":43},"end":{"line":36,"column":54}}],"line":36},"1":{"loc":{"start":{"line":37,"column":157},"end":{"line":37,"column":182}},"type":"cond-expr","locations":[{"start":{"line":37,"column":174},"end":{"line":37,"column":180}},{"start":{"line":37,"column":180},"end":{"line":37,"column":182}}],"line":37},"2":{"loc":{"start":{"line":40,"column":32},"end":{"line":40,"column":119}},"type":"if","locations":[{"start":{"line":40,"column":32},"end":{"line":40,"column":119}},{"start":{},"end":{}}],"line":40},"3":{"loc":{"start":{"line":40,"column":36},"end":{"line":40,"column":72}},"type":"binary-expr","locations":[{"start":{"line":40,"column":36},"end":{"line":40,"column":57}},{"start":{"line":40,"column":57},"end":{"line":40,"column":72}}],"line":40},"4":{"loc":{"start":{"line":47,"column":43},"end":{"line":47,"column":84}},"type":"cond-expr","locations":[{"start":{"line":47,"column":60},"end":{"line":47,"column":77}},{"start":{"line":47,"column":77},"end":{"line":47,"column":84}}],"line":47},"5":{"loc":{"start":{"line":52,"column":146},"end":{"line":52,"column":209}},"type":"cond-expr","locations":[{"start":{"line":52,"column":182},"end":{"line":52,"column":197}},{"start":{"line":52,"column":197},"end":{"line":52,"column":209}}],"line":52},"6":{"loc":{"start":{"line":53,"column":21},"end":{"line":53,"column":null}},"type":"cond-expr","locations":[{"start":{"line":53,"column":57},"end":{"line":53,"column":72}},{"start":{"line":53,"column":72},"end":{"line":53,"column":null}}],"line":53},"7":{"loc":{"start":{"line":55,"column":147},"end":{"line":55,"column":188}},"type":"cond-expr","locations":[{"start":{"line":55,"column":164},"end":{"line":55,"column":178}},{"start":{"line":55,"column":178},"end":{"line":55,"column":188}}],"line":55},"8":{"loc":{"start":{"line":56,"column":21},"end":{"line":56,"column":null}},"type":"cond-expr","locations":[{"start":{"line":56,"column":38},"end":{"line":56,"column":52}},{"start":{"line":56,"column":52},"end":{"line":56,"column":null}}],"line":56},"9":{"loc":{"start":{"line":58,"column":111},"end":{"line":58,"column":160}},"type":"cond-expr","locations":[{"start":{"line":58,"column":143},"end":{"line":58,"column":149}},{"start":{"line":58,"column":149},"end":{"line":58,"column":160}}],"line":58},"10":{"loc":{"start":{"line":62,"column":11},"end":{"line":95,"column":null}},"type":"binary-expr","locations":[{"start":{"line":62,"column":11},"end":{"line":62,"column":null}},{"start":{"line":63,"column":12},"end":{"line":95,"column":null}}],"line":62},"11":{"loc":{"start":{"line":74,"column":90},"end":{"line":74,"column":129}},"type":"cond-expr","locations":[{"start":{"line":74,"column":105},"end":{"line":74,"column":122}},{"start":{"line":74,"column":122},"end":{"line":74,"column":129}}],"line":74},"12":{"loc":{"start":{"line":76,"column":108},"end":{"line":76,"column":144}},"type":"cond-expr","locations":[{"start":{"line":76,"column":122},"end":{"line":76,"column":134}},{"start":{"line":76,"column":134},"end":{"line":76,"column":144}}],"line":76},"13":{"loc":{"start":{"line":77,"column":25},"end":{"line":77,"column":null}},"type":"cond-expr","locations":[{"start":{"line":77,"column":39},"end":{"line":77,"column":48}},{"start":{"line":77,"column":48},"end":{"line":77,"column":null}}],"line":77},"14":{"loc":{"start":{"line":79,"column":108},"end":{"line":79,"column":152}},"type":"cond-expr","locations":[{"start":{"line":79,"column":129},"end":{"line":79,"column":141}},{"start":{"line":79,"column":141},"end":{"line":79,"column":152}}],"line":79},"15":{"loc":{"start":{"line":80,"column":25},"end":{"line":80,"column":null}},"type":"cond-expr","locations":[{"start":{"line":80,"column":46},"end":{"line":80,"column":55}},{"start":{"line":80,"column":55},"end":{"line":80,"column":null}}],"line":80},"16":{"loc":{"start":{"line":82,"column":23},"end":{"line":82,"column":null}},"type":"binary-expr","locations":[{"start":{"line":82,"column":23},"end":{"line":82,"column":39}},{"start":{"line":82,"column":39},"end":{"line":82,"column":null}}],"line":82},"17":{"loc":{"start":{"line":85,"column":23},"end":{"line":86,"column":23}},"type":"binary-expr","locations":[{"start":{"line":85,"column":23},"end":{"line":85,"column":39}},{"start":{"line":85,"column":39},"end":{"line":86,"column":23}}],"line":85},"18":{"loc":{"start":{"line":86,"column":200},"end":{"line":86,"column":239}},"type":"cond-expr","locations":[{"start":{"line":86,"column":214},"end":{"line":86,"column":228}},{"start":{"line":86,"column":228},"end":{"line":86,"column":239}}],"line":86},"19":{"loc":{"start":{"line":87,"column":25},"end":{"line":87,"column":null}},"type":"cond-expr","locations":[{"start":{"line":87,"column":39},"end":{"line":87,"column":53}},{"start":{"line":87,"column":53},"end":{"line":87,"column":null}}],"line":87}},"s":{"0":1,"1":1,"2":0,"3":1,"4":1,"5":1,"6":0,"7":0,"8":0,"9":1,"10":0,"11":0,"12":1,"13":1,"14":1,"15":1,"16":0,"17":0},"f":{"0":1,"1":0,"2":1,"3":1,"4":1,"5":0,"6":1,"7":0,"8":0,"9":1,"10":1,"11":1,"12":1,"13":0,"14":0},"b":{"0":[1,1],"1":[0,1],"2":[0,0],"3":[0,0],"4":[0,1],"5":[0,1],"6":[0,1],"7":[0,1],"8":[0,1],"9":[1,0],"10":[1,1],"11":[0,1],"12":[0,1],"13":[0,1],"14":[0,1],"15":[0,1],"16":[1,0],"17":[1,1],"18":[1,0],"19":[1,0]},"meta":{"lastBranch":20,"lastFunction":15,"lastStatement":18,"seen":{"s:17:13:99:Infinity":0,"f:17:13:17:62":0,"s:29:2:97:Infinity":1,"f:32:54:32:64":1,"s:32:69:32:105":2,"f:36:15:36:22":2,"s:36:27:36:54":3,"b:36:27:36:43:36:43:36:54":0,"f:36:56:36:60":3,"s:37:8:95:Infinity":4,"b:37:174:37:180:37:180:37:182":1,"f:39:12:39:27":4,"s:39:27:39:Infinity":5,"f:40:12:40:24":5,"b:40:32:40:119:undefined:undefined:undefined:undefined":2,"s:40:32:40:119":6,"b:40:36:40:57:40:57:40:72":3,"s:40:74:40:94":7,"s:40:94:40:117":8,"b:47:60:47:77:47:77:47:84":4,"f:48:17:48:27":6,"s:48:33:48:54":9,"f:49:87:49:102":7,"s:49:102:49:120":10,"f:52:87:52:102":8,"s:52:102:52:131":11,"b:52:182:52:197:52:197:52:209":5,"f:52:158:52:164":9,"s:52:169:52:178":12,"b:53:57:53:72:53:72:53:Infinity":6,"f:53:33:53:39":10,"s:53:44:53:53":13,"f:55:87:55:102":11,"s:55:102:55:132":14,"b:55:164:55:178:55:178:55:188":7,"b:56:38:56:52:56:52:56:Infinity":8,"b:58:143:58:149:58:149:58:160":9,"b:62:11:62:Infinity:63:12:95:Infinity":10,"f:72:29:72:33":12,"s:73:18:90:Infinity":15,"b:74:105:74:122:74:122:74:129":11,"b:76:122:76:134:76:134:76:144":12,"b:77:39:77:48:77:48:77:Infinity":13,"b:79:129:79:141:79:141:79:152":14,"b:80:46:80:55:80:55:80:Infinity":15,"b:82:23:82:39:82:39:82:Infinity":16,"b:85:23:85:39:85:39:86:23":17,"f:85:129:85:144":13,"s:85:144:85:177":16,"f:86:131:86:146":14,"s:86:146:86:185":17,"b:86:214:86:228:86:228:86:239":18,"b:87:39:87:53:87:53:87:Infinity":19},"fnNames":{}}}
,"/Users/davidcutura/Projects/ReactTicketing/reactticket/src/components/admin/PromoCodeManager.tsx": {"path":"/Users/davidcutura/Projects/ReactTicketing/reactticket/src/components/admin/PromoCodeManager.tsx","statementMap":{"0":{"start":{"line":6,"column":13},"end":{"line":47,"column":null}},"1":{"start":{"line":21,"column":4},"end":{"line":22,"column":null}},"2":{"start":{"line":24,"column":2},"end":{"line":45,"column":null}}},"fnMap":{"0":{"name":"(anonymous_0)","decl":{"start":{"line":6,"column":13},"end":{"line":6,"column":48}},"loc":{"start":{"line":6,"column":48},"end":{"line":47,"column":null}},"line":6}},"branchMap":{},"s":{"0":1,"1":1,"2":1},"f":{"0":1},"b":{},"meta":{"lastBranch":0,"lastFunction":1,"lastStatement":3,"seen":{"s:6:13:47:Infinity":0,"f:6:13:6:48":0,"s:21:4:22:Infinity":1,"s:24:2:45:Infinity":2},"fnNames":{}}}
,"/Users/davidcutura/Projects/ReactTicketing/reactticket/src/components/admin/ScanAccountManager.tsx": {"path":"/Users/davidcutura/Projects/ReactTicketing/reactticket/src/components/admin/ScanAccountManager.tsx","statementMap":{"0":{"start":{"line":6,"column":13},"end":{"line":134,"column":null}},"1":{"start":{"line":7,"column":19},"end":{"line":7,"column":null}},"2":{"start":{"line":8,"column":8},"end":{"line":8,"column":null}},"3":{"start":{"line":8,"column":39},"end":{"line":8,"column":72}},"4":{"start":{"line":10,"column":23},"end":{"line":10,"column":null}},"5":{"start":{"line":11,"column":21},"end":{"line":11,"column":null}},"6":{"start":{"line":13,"column":20},"end":{"line":13,"column":null}},"7":{"start":{"line":14,"column":21},"end":{"line":14,"column":null}},"8":{"start":{"line":16,"column":27},"end":{"line":16,"column":null}},"9":{"start":{"line":17,"column":17},"end":{"line":17,"column":null}},"10":{"start":{"line":19,"column":8},"end":{"line":21,"column":null}},"11":{"start":{"line":20,"column":4},"end":{"line":20,"column":null}},"12":{"start":{"line":23,"column":2},"end":{"line":25,"column":null}},"13":{"start":{"line":24,"column":4},"end":{"line":24,"column":null}},"14":{"start":{"line":27,"column":24},"end":{"line":32,"column":null}},"15":{"start":{"line":28,"column":4},"end":{"line":28,"column":null}},"16":{"start":{"line":28,"column":49},"end":{"line":28,"column":null}},"17":{"start":{"line":29,"column":4},"end":{"line":29,"column":null}},"18":{"start":{"line":30,"column":4},"end":{"line":30,"column":null}},"19":{"start":{"line":31,"column":4},"end":{"line":31,"column":null}},"20":{"start":{"line":34,"column":24},"end":{"line":40,"column":null}},"21":{"start":{"line":35,"column":27},"end":{"line":35,"column":null}},"22":{"start":{"line":36,"column":4},"end":{"line":36,"column":null}},"23":{"start":{"line":37,"column":4},"end":{"line":37,"column":null}},"24":{"start":{"line":38,"column":4},"end":{"line":38,"column":null}},"25":{"start":{"line":39,"column":4},"end":{"line":39,"column":null}},"26":{"start":{"line":42,"column":30},"end":{"line":49,"column":null}},"27":{"start":{"line":43,"column":4},"end":{"line":47,"column":null}},"28":{"start":{"line":44,"column":8},"end":{"line":44,"column":null}},"29":{"start":{"line":46,"column":8},"end":{"line":46,"column":null}},"30":{"start":{"line":48,"column":4},"end":{"line":48,"column":null}},"31":{"start":{"line":51,"column":24},"end":{"line":56,"column":null}},"32":{"start":{"line":52,"column":6},"end":{"line":55,"column":null}},"33":{"start":{"line":53,"column":8},"end":{"line":53,"column":null}},"34":{"start":{"line":54,"column":8},"end":{"line":54,"column":null}},"35":{"start":{"line":58,"column":19},"end":{"line":64,"column":null}},"36":{"start":{"line":59,"column":4},"end":{"line":59,"column":null}},"37":{"start":{"line":59,"column":38},"end":{"line":59,"column":null}},"38":{"start":{"line":60,"column":4},"end":{"line":60,"column":null}},"39":{"start":{"line":61,"column":4},"end":{"line":61,"column":null}},"40":{"start":{"line":62,"column":4},"end":{"line":62,"column":null}},"41":{"start":{"line":63,"column":4},"end":{"line":63,"column":null}},"42":{"start":{"line":66,"column":2},"end":{"line":132,"column":null}},"43":{"start":{"line":70,"column":81},"end":{"line":70,"column":139}},"44":{"start":{"line":71,"column":87},"end":{"line":71,"column":140}},"45":{"start":{"line":72,"column":90},"end":{"line":72,"column":148}},"46":{"start":{"line":86,"column":12},"end":{"line":115,"column":null}},"47":{"start":{"line":89,"column":92},"end":{"line":89,"column":150}},"48":{"start":{"line":94,"column":108},"end":{"line":94,"column":174}},"49":{"start":{"line":103,"column":57},"end":{"line":103,"column":81}},"50":{"start":{"line":104,"column":57},"end":{"line":104,"column":77}},"51":{"start":{"line":108,"column":58},"end":{"line":108,"column":84}},"52":{"start":{"line":108,"column":84},"end":{"line":108,"column":171}},"53":{"start":{"line":109,"column":57},"end":{"line":109,"column":87}},"54":{"start":{"line":110,"column":57},"end":{"line":110,"column":87}},"55":{"start":{"line":111,"column":57},"end":{"line":111,"column":84}},"56":{"start":{"line":124,"column":91},"end":{"line":124,"column":118}},"57":{"start":{"line":126,"column":57},"end":{"line":126,"column":84}}},"fnMap":{"0":{"name":"(anonymous_0)","decl":{"start":{"line":6,"column":13},"end":{"line":6,"column":50}},"loc":{"start":{"line":6,"column":50},"end":{"line":134,"column":null}},"line":6},"1":{"name":"(anonymous_1)","decl":{"start":{"line":8,"column":25},"end":{"line":8,"column":39}},"loc":{"start":{"line":8,"column":39},"end":{"line":8,"column":72}},"line":8},"2":{"name":"(anonymous_2)","decl":{"start":{"line":19,"column":35},"end":{"line":19,"column":47}},"loc":{"start":{"line":19,"column":47},"end":{"line":21,"column":5}},"line":19},"3":{"name":"(anonymous_3)","decl":{"start":{"line":23,"column":2},"end":{"line":23,"column":18}},"loc":{"start":{"line":23,"column":18},"end":{"line":25,"column":5}},"line":23},"4":{"name":"(anonymous_4)","decl":{"start":{"line":27,"column":24},"end":{"line":27,"column":36}},"loc":{"start":{"line":27,"column":36},"end":{"line":32,"column":null}},"line":27},"5":{"name":"(anonymous_5)","decl":{"start":{"line":34,"column":24},"end":{"line":34,"column":31}},"loc":{"start":{"line":34,"column":56},"end":{"line":40,"column":null}},"line":34},"6":{"name":"(anonymous_6)","decl":{"start":{"line":42,"column":30},"end":{"line":42,"column":37}},"loc":{"start":{"line":42,"column":62},"end":{"line":49,"column":null}},"line":42},"7":{"name":"(anonymous_7)","decl":{"start":{"line":51,"column":24},"end":{"line":51,"column":31}},"loc":{"start":{"line":51,"column":53},"end":{"line":56,"column":null}},"line":51},"8":{"name":"(anonymous_8)","decl":{"start":{"line":58,"column":19},"end":{"line":58,"column":31}},"loc":{"start":{"line":58,"column":31},"end":{"line":64,"column":null}},"line":58},"9":{"name":"(anonymous_9)","decl":{"start":{"line":70,"column":66},"end":{"line":70,"column":76}},"loc":{"start":{"line":70,"column":81},"end":{"line":70,"column":139}},"line":70},"10":{"name":"(anonymous_10)","decl":{"start":{"line":71,"column":72},"end":{"line":71,"column":82}},"loc":{"start":{"line":71,"column":87},"end":{"line":71,"column":140}},"line":71},"11":{"name":"(anonymous_11)","decl":{"start":{"line":72,"column":75},"end":{"line":72,"column":85}},"loc":{"start":{"line":72,"column":90},"end":{"line":72,"column":148}},"line":72},"12":{"name":"(anonymous_12)","decl":{"start":{"line":85,"column":24},"end":{"line":85,"column":29}},"loc":{"start":{"line":86,"column":12},"end":{"line":115,"column":null}},"line":86},"13":{"name":"(anonymous_13)","decl":{"start":{"line":89,"column":77},"end":{"line":89,"column":87}},"loc":{"start":{"line":89,"column":92},"end":{"line":89,"column":150}},"line":89},"14":{"name":"(anonymous_14)","decl":{"start":{"line":94,"column":93},"end":{"line":94,"column":103}},"loc":{"start":{"line":94,"column":108},"end":{"line":94,"column":174}},"line":94},"15":{"name":"(anonymous_15)","decl":{"start":{"line":103,"column":42},"end":{"line":103,"column":57}},"loc":{"start":{"line":103,"column":57},"end":{"line":103,"column":81}},"line":103},"16":{"name":"(anonymous_16)","decl":{"start":{"line":104,"column":42},"end":{"line":104,"column":57}},"loc":{"start":{"line":104,"column":57},"end":{"line":104,"column":77}},"line":104},"17":{"name":"(anonymous_17)","decl":{"start":{"line":108,"column":42},"end":{"line":108,"column":57}},"loc":{"start":{"line":108,"column":57},"end":{"line":108,"column":174}},"line":108},"18":{"name":"(anonymous_18)","decl":{"start":{"line":109,"column":42},"end":{"line":109,"column":57}},"loc":{"start":{"line":109,"column":57},"end":{"line":109,"column":87}},"line":109},"19":{"name":"(anonymous_19)","decl":{"start":{"line":110,"column":42},"end":{"line":110,"column":57}},"loc":{"start":{"line":110,"column":57},"end":{"line":110,"column":87}},"line":110},"20":{"name":"(anonymous_20)","decl":{"start":{"line":111,"column":42},"end":{"line":111,"column":57}},"loc":{"start":{"line":111,"column":57},"end":{"line":111,"column":84}},"line":111},"21":{"name":"(anonymous_21)","decl":{"start":{"line":124,"column":76},"end":{"line":124,"column":86}},"loc":{"start":{"line":124,"column":91},"end":{"line":124,"column":118}},"line":124},"22":{"name":"(anonymous_22)","decl":{"start":{"line":126,"column":42},"end":{"line":126,"column":57}},"loc":{"start":{"line":126,"column":57},"end":{"line":126,"column":84}},"line":126}},"branchMap":{"0":{"loc":{"start":{"line":28,"column":4},"end":{"line":28,"column":null}},"type":"if","locations":[{"start":{"line":28,"column":4},"end":{"line":28,"column":null}},{"start":{},"end":{}}],"line":28},"1":{"loc":{"start":{"line":28,"column":8},"end":{"line":28,"column":49}},"type":"binary-expr","locations":[{"start":{"line":28,"column":8},"end":{"line":28,"column":32}},{"start":{"line":28,"column":32},"end":{"line":28,"column":49}}],"line":28},"2":{"loc":{"start":{"line":43,"column":4},"end":{"line":47,"column":null}},"type":"if","locations":[{"start":{"line":43,"column":4},"end":{"line":47,"column":null}},{"start":{"line":45,"column":11},"end":{"line":47,"column":null}}],"line":43},"3":{"loc":{"start":{"line":52,"column":6},"end":{"line":55,"column":null}},"type":"if","locations":[{"start":{"line":52,"column":6},"end":{"line":55,"column":null}},{"start":{},"end":{}}],"line":52},"4":{"loc":{"start":{"line":59,"column":4},"end":{"line":59,"column":null}},"type":"if","locations":[{"start":{"line":59,"column":4},"end":{"line":59,"column":null}},{"start":{},"end":{}}],"line":59},"5":{"loc":{"start":{"line":59,"column":8},"end":{"line":59,"column":38}},"type":"binary-expr","locations":[{"start":{"line":59,"column":8},"end":{"line":59,"column":29}},{"start":{"line":59,"column":29},"end":{"line":59,"column":38}}],"line":59},"6":{"loc":{"start":{"line":88,"column":17},"end":{"line":90,"column":null}},"type":"cond-expr","locations":[{"start":{"line":89,"column":22},"end":{"line":90,"column":30}},{"start":{"line":90,"column":22},"end":{"line":90,"column":null}}],"line":88},"7":{"loc":{"start":{"line":89,"column":36},"end":{"line":89,"column":77}},"type":"binary-expr","locations":[{"start":{"line":89,"column":36},"end":{"line":89,"column":59}},{"start":{"line":89,"column":59},"end":{"line":89,"column":77}}],"line":89},"8":{"loc":{"start":{"line":93,"column":17},"end":{"line":95,"column":null}},"type":"cond-expr","locations":[{"start":{"line":94,"column":22},"end":{"line":95,"column":30}},{"start":{"line":95,"column":22},"end":{"line":95,"column":null}}],"line":93},"9":{"loc":{"start":{"line":94,"column":36},"end":{"line":94,"column":93}},"type":"binary-expr","locations":[{"start":{"line":94,"column":36},"end":{"line":94,"column":67}},{"start":{"line":94,"column":67},"end":{"line":94,"column":93}}],"line":94},"10":{"loc":{"start":{"line":95,"column":22},"end":{"line":95,"column":null}},"type":"binary-expr","locations":[{"start":{"line":95,"column":22},"end":{"line":95,"column":50}},{"start":{"line":95,"column":50},"end":{"line":95,"column":null}}],"line":95},"11":{"loc":{"start":{"line":98,"column":37},"end":{"line":98,"column":71}},"type":"cond-expr","locations":[{"start":{"line":98,"column":54},"end":{"line":98,"column":64}},{"start":{"line":98,"column":64},"end":{"line":98,"column":71}}],"line":98},"12":{"loc":{"start":{"line":98,"column":93},"end":{"line":98,"column":138}},"type":"cond-expr","locations":[{"start":{"line":98,"column":110},"end":{"line":98,"column":121}},{"start":{"line":98,"column":121},"end":{"line":98,"column":138}}],"line":98},"13":{"loc":{"start":{"line":101,"column":17},"end":{"line":112,"column":null}},"type":"cond-expr","locations":[{"start":{"line":102,"column":18},"end":{"line":107,"column":null}},{"start":{"line":107,"column":18},"end":{"line":112,"column":null}}],"line":101},"14":{"loc":{"start":{"line":109,"column":102},"end":{"line":109,"column":147}},"type":"cond-expr","locations":[{"start":{"line":109,"column":119},"end":{"line":109,"column":134}},{"start":{"line":109,"column":134},"end":{"line":109,"column":147}}],"line":109},"15":{"loc":{"start":{"line":109,"column":179},"end":{"line":109,"column":232}},"type":"cond-expr","locations":[{"start":{"line":109,"column":196},"end":{"line":109,"column":211}},{"start":{"line":109,"column":211},"end":{"line":109,"column":232}}],"line":109},"16":{"loc":{"start":{"line":120,"column":7},"end":{"line":130,"column":null}},"type":"binary-expr","locations":[{"start":{"line":120,"column":7},"end":{"line":120,"column":null}},{"start":{"line":121,"column":8},"end":{"line":130,"column":null}}],"line":120}},"s":{"0":1,"1":18,"2":18,"3":4,"4":18,"5":18,"6":18,"7":18,"8":18,"9":18,"10":18,"11":7,"12":18,"13":4,"14":18,"15":1,"16":0,"17":1,"18":1,"19":1,"20":18,"21":1,"22":1,"23":1,"24":1,"25":1,"26":18,"27":0,"28":0,"29":0,"30":0,"31":18,"32":1,"33":1,"34":1,"35":18,"36":1,"37":0,"38":1,"39":1,"40":1,"41":1,"42":18,"43":1,"44":1,"45":0,"46":14,"47":0,"48":1,"49":1,"50":0,"51":1,"52":1,"53":0,"54":1,"55":1,"56":1,"57":0},"f":{"0":18,"1":4,"2":7,"3":4,"4":1,"5":1,"6":0,"7":1,"8":1,"9":1,"10":1,"11":0,"12":14,"13":0,"14":1,"15":1,"16":0,"17":1,"18":0,"19":1,"20":1,"21":1,"22":0},"b":{"0":[0,1],"1":[1,1],"2":[0,0],"3":[1,0],"4":[0,1],"5":[1,1],"6":[2,12],"7":[2,0],"8":[2,12],"9":[2,0],"10":[12,0],"11":[14,0],"12":[14,0],"13":[2,12],"14":[12,0],"15":[12,0],"16":[18,2]},"meta":{"lastBranch":17,"lastFunction":23,"lastStatement":58,"seen":{"s:6:13:134:Infinity":0,"f:6:13:6:50":0,"s:7:19:7:Infinity":1,"s:8:8:8:Infinity":2,"f:8:25:8:39":1,"s:8:39:8:72":3,"s:10:23:10:Infinity":4,"s:11:21:11:Infinity":5,"s:13:20:13:Infinity":6,"s:14:21:14:Infinity":7,"s:16:27:16:Infinity":8,"s:17:17:17:Infinity":9,"s:19:8:21:Infinity":10,"f:19:35:19:47":2,"s:20:4:20:Infinity":11,"s:23:2:25:Infinity":12,"f:23:2:23:18":3,"s:24:4:24:Infinity":13,"s:27:24:32:Infinity":14,"f:27:24:27:36":4,"b:28:4:28:Infinity:undefined:undefined:undefined:undefined":0,"s:28:4:28:Infinity":15,"b:28:8:28:32:28:32:28:49":1,"s:28:49:28:Infinity":16,"s:29:4:29:Infinity":17,"s:30:4:30:Infinity":18,"s:31:4:31:Infinity":19,"s:34:24:40:Infinity":20,"f:34:24:34:31":5,"s:35:27:35:Infinity":21,"s:36:4:36:Infinity":22,"s:37:4:37:Infinity":23,"s:38:4:38:Infinity":24,"s:39:4:39:Infinity":25,"s:42:30:49:Infinity":26,"f:42:30:42:37":6,"b:43:4:47:Infinity:45:11:47:Infinity":2,"s:43:4:47:Infinity":27,"s:44:8:44:Infinity":28,"s:46:8:46:Infinity":29,"s:48:4:48:Infinity":30,"s:51:24:56:Infinity":31,"f:51:24:51:31":7,"b:52:6:55:Infinity:undefined:undefined:undefined:undefined":3,"s:52:6:55:Infinity":32,"s:53:8:53:Infinity":33,"s:54:8:54:Infinity":34,"s:58:19:64:Infinity":35,"f:58:19:58:31":8,"b:59:4:59:Infinity:undefined:undefined:undefined:undefined":4,"s:59:4:59:Infinity":36,"b:59:8:59:29:59:29:59:38":5,"s:59:38:59:Infinity":37,"s:60:4:60:Infinity":38,"s:61:4:61:Infinity":39,"s:62:4:62:Infinity":40,"s:63:4:63:Infinity":41,"s:66:2:132:Infinity":42,"f:70:66:70:76":9,"s:70:81:70:139":43,"f:71:72:71:82":10,"s:71:87:71:140":44,"f:72:75:72:85":11,"s:72:90:72:148":45,"f:85:24:85:29":12,"s:86:12:115:Infinity":46,"b:89:22:90:30:90:22:90:Infinity":6,"b:89:36:89:59:89:59:89:77":7,"f:89:77:89:87":13,"s:89:92:89:150":47,"b:94:22:95:30:95:22:95:Infinity":8,"b:94:36:94:67:94:67:94:93":9,"f:94:93:94:103":14,"s:94:108:94:174":48,"b:95:22:95:50:95:50:95:Infinity":10,"b:98:54:98:64:98:64:98:71":11,"b:98:110:98:121:98:121:98:138":12,"b:102:18:107:Infinity:107:18:112:Infinity":13,"f:103:42:103:57":15,"s:103:57:103:81":49,"f:104:42:104:57":16,"s:104:57:104:77":50,"f:108:42:108:57":17,"s:108:58:108:84":51,"s:108:84:108:171":52,"f:109:42:109:57":18,"s:109:57:109:87":53,"b:109:119:109:134:109:134:109:147":14,"b:109:196:109:211:109:211:109:232":15,"f:110:42:110:57":19,"s:110:57:110:87":54,"f:111:42:111:57":20,"s:111:57:111:84":55,"b:120:7:120:Infinity:121:8:130:Infinity":16,"f:124:76:124:86":21,"s:124:91:124:118":56,"f:126:42:126:57":22,"s:126:57:126:84":57},"fnNames":{}}}
,"/Users/davidcutura/Projects/ReactTicketing/reactticket/src/components/admin/ScanDashboard.tsx": {"path":"/Users/davidcutura/Projects/ReactTicketing/reactticket/src/components/admin/ScanDashboard.tsx","statementMap":{"0":{"start":{"line":5,"column":13},"end":{"line":82,"column":null}},"1":{"start":{"line":6,"column":10},"end":{"line":6,"column":null}},"2":{"start":{"line":7,"column":37},"end":{"line":7,"column":null}},"3":{"start":{"line":9,"column":2},"end":{"line":9,"column":null}},"4":{"start":{"line":9,"column":29},"end":{"line":9,"column":null}},"5":{"start":{"line":10,"column":2},"end":{"line":10,"column":null}},"6":{"start":{"line":10,"column":13},"end":{"line":10,"column":null}},"7":{"start":{"line":11,"column":2},"end":{"line":11,"column":null}},"8":{"start":{"line":11,"column":16},"end":{"line":11,"column":null}},"9":{"start":{"line":13,"column":2},"end":{"line":80,"column":null}},"10":{"start":{"line":34,"column":12},"end":{"line":42,"column":null}},"11":{"start":{"line":52,"column":24},"end":{"line":55,"column":null}},"12":{"start":{"line":65,"column":24},"end":{"line":68,"column":null}}},"fnMap":{"0":{"name":"(anonymous_0)","decl":{"start":{"line":5,"column":13},"end":{"line":5,"column":45}},"loc":{"start":{"line":5,"column":45},"end":{"line":82,"column":null}},"line":5},"1":{"name":"(anonymous_1)","decl":{"start":{"line":33,"column":30},"end":{"line":33,"column":35}},"loc":{"start":{"line":34,"column":12},"end":{"line":42,"column":null}},"line":34},"2":{"name":"(anonymous_2)","decl":{"start":{"line":51,"column":71},"end":{"line":51,"column":76}},"loc":{"start":{"line":52,"column":24},"end":{"line":55,"column":null}},"line":52},"3":{"name":"(anonymous_3)","decl":{"start":{"line":64,"column":61},"end":{"line":64,"column":66}},"loc":{"start":{"line":65,"column":24},"end":{"line":68,"column":null}},"line":65}},"branchMap":{"0":{"loc":{"start":{"line":9,"column":2},"end":{"line":9,"column":null}},"type":"if","locations":[{"start":{"line":9,"column":2},"end":{"line":9,"column":null}},{"start":{},"end":{}}],"line":9},"1":{"loc":{"start":{"line":9,"column":6},"end":{"line":9,"column":29}},"type":"binary-expr","locations":[{"start":{"line":9,"column":6},"end":{"line":9,"column":19}},{"start":{"line":9,"column":19},"end":{"line":9,"column":29}}],"line":9},"2":{"loc":{"start":{"line":10,"column":2},"end":{"line":10,"column":null}},"type":"if","locations":[{"start":{"line":10,"column":2},"end":{"line":10,"column":null}},{"start":{},"end":{}}],"line":10},"3":{"loc":{"start":{"line":11,"column":2},"end":{"line":11,"column":null}},"type":"if","locations":[{"start":{"line":11,"column":2},"end":{"line":11,"column":null}},{"start":{},"end":{}}],"line":11},"4":{"loc":{"start":{"line":21,"column":76},"end":{"line":21,"column":105}},"type":"binary-expr","locations":[{"start":{"line":21,"column":76},"end":{"line":21,"column":99}},{"start":{"line":21,"column":99},"end":{"line":21,"column":105}}],"line":21},"5":{"loc":{"start":{"line":32,"column":9},"end":{"line":43,"column":null}},"type":"cond-expr","locations":[{"start":{"line":32,"column":45},"end":{"line":33,"column":17}},{"start":{"line":33,"column":9},"end":{"line":43,"column":null}}],"line":32},"6":{"loc":{"start":{"line":75,"column":7},"end":{"line":78,"column":null}},"type":"binary-expr","locations":[{"start":{"line":75,"column":7},"end":{"line":75,"column":null}},{"start":{"line":76,"column":10},"end":{"line":78,"column":null}}],"line":75}},"s":{"0":1,"1":2,"2":2,"3":2,"4":1,"5":1,"6":1,"7":1,"8":0,"9":1,"10":0,"11":0,"12":0},"f":{"0":2,"1":0,"2":0,"3":0},"b":{"0":[1,1],"1":[2,1],"2":[0,1],"3":[0,1],"4":[1,0],"5":[1,0],"6":[2,0]},"meta":{"lastBranch":7,"lastFunction":4,"lastStatement":13,"seen":{"s:5:13:82:Infinity":0,"f:5:13:5:45":0,"s:6:10:6:Infinity":1,"s:7:37:7:Infinity":2,"b:9:2:9:Infinity:undefined:undefined:undefined:undefined":0,"s:9:2:9:Infinity":3,"b:9:6:9:19:9:19:9:29":1,"s:9:29:9:Infinity":4,"b:10:2:10:Infinity:undefined:undefined:undefined:undefined":2,"s:10:2:10:Infinity":5,"s:10:13:10:Infinity":6,"b:11:2:11:Infinity:undefined:undefined:undefined:undefined":3,"s:11:2:11:Infinity":7,"s:11:16:11:Infinity":8,"s:13:2:80:Infinity":9,"b:21:76:21:99:21:99:21:105":4,"b:32:45:33:17:33:9:43:Infinity":5,"f:33:30:33:35":1,"s:34:12:42:Infinity":10,"f:51:71:51:76":2,"s:52:24:55:Infinity":11,"f:64:61:64:66":3,"s:65:24:68:Infinity":12,"b:75:7:75:Infinity:76:10:78:Infinity":6},"fnNames":{}}}
,"/Users/davidcutura/Projects/ReactTicketing/reactticket/src/components/admin/TicketOverview.tsx": {"path":"/Users/davidcutura/Projects/ReactTicketing/reactticket/src/components/admin/TicketOverview.tsx","statementMap":{"0":{"start":{"line":6,"column":13},"end":{"line":130,"column":null}},"1":{"start":{"line":7,"column":19},"end":{"line":7,"column":null}},"2":{"start":{"line":8,"column":18},"end":{"line":8,"column":null}},"3":{"start":{"line":10,"column":2},"end":{"line":12,"column":null}},"4":{"start":{"line":11,"column":4},"end":{"line":11,"column":null}},"5":{"start":{"line":14,"column":27},"end":{"line":14,"column":null}},"6":{"start":{"line":15,"column":23},"end":{"line":15,"column":null}},"7":{"start":{"line":17,"column":24},"end":{"line":28,"column":null}},"8":{"start":{"line":18,"column":4},"end":{"line":27,"column":null}},"9":{"start":{"line":19,"column":30},"end":{"line":19,"column":null}},"10":{"start":{"line":20,"column":32},"end":{"line":20,"column":null}},"11":{"start":{"line":21,"column":26},"end":{"line":21,"column":null}},"12":{"start":{"line":22,"column":28},"end":{"line":22,"column":null}},"13":{"start":{"line":23,"column":6},"end":{"line":23,"column":null}},"14":{"start":{"line":24,"column":6},"end":{"line":24,"column":null}},"15":{"start":{"line":26,"column":6},"end":{"line":26,"column":null}},"16":{"start":{"line":30,"column":25},"end":{"line":50,"column":null}},"17":{"start":{"line":31,"column":4},"end":{"line":31,"column":null}},"18":{"start":{"line":31,"column":27},"end":{"line":31,"column":null}},"19":{"start":{"line":32,"column":4},"end":{"line":35,"column":null}},"20":{"start":{"line":33,"column":6},"end":{"line":33,"column":null}},"21":{"start":{"line":34,"column":6},"end":{"line":34,"column":null}},"22":{"start":{"line":36,"column":4},"end":{"line":49,"column":null}},"23":{"start":{"line":37,"column":30},"end":{"line":37,"column":null}},"24":{"start":{"line":38,"column":32},"end":{"line":38,"column":null}},"25":{"start":{"line":39,"column":26},"end":{"line":39,"column":null}},"26":{"start":{"line":40,"column":28},"end":{"line":40,"column":null}},"27":{"start":{"line":41,"column":21},"end":{"line":41,"column":null}},"28":{"start":{"line":41,"column":39},"end":{"line":41,"column":64}},"29":{"start":{"line":42,"column":24},"end":{"line":42,"column":null}},"30":{"start":{"line":43,"column":6},"end":{"line":43,"column":null}},"31":{"start":{"line":44,"column":6},"end":{"line":44,"column":null}},"32":{"start":{"line":45,"column":6},"end":{"line":45,"column":null}},"33":{"start":{"line":46,"column":6},"end":{"line":46,"column":null}},"34":{"start":{"line":48,"column":6},"end":{"line":48,"column":null}},"35":{"start":{"line":52,"column":2},"end":{"line":128,"column":null}},"36":{"start":{"line":68,"column":14},"end":{"line":106,"column":null}},"37":{"start":{"line":97,"column":59},"end":{"line":97,"column":85}},"38":{"start":{"line":100,"column":59},"end":{"line":100,"column":91}},"39":{"start":{"line":116,"column":79},"end":{"line":116,"column":137}},"40":{"start":{"line":117,"column":85},"end":{"line":117,"column":146}},"41":{"start":{"line":118,"column":94},"end":{"line":118,"column":153}},"42":{"start":{"line":119,"column":85},"end":{"line":119,"column":146}},"43":{"start":{"line":120,"column":79},"end":{"line":120,"column":137}},"44":{"start":{"line":123,"column":51},"end":{"line":123,"column":78}}},"fnMap":{"0":{"name":"(anonymous_0)","decl":{"start":{"line":6,"column":13},"end":{"line":6,"column":46}},"loc":{"start":{"line":6,"column":46},"end":{"line":130,"column":null}},"line":6},"1":{"name":"(anonymous_1)","decl":{"start":{"line":10,"column":2},"end":{"line":10,"column":18}},"loc":{"start":{"line":10,"column":18},"end":{"line":12,"column":5}},"line":10},"2":{"name":"(anonymous_2)","decl":{"start":{"line":17,"column":24},"end":{"line":17,"column":31}},"loc":{"start":{"line":17,"column":52},"end":{"line":28,"column":null}},"line":17},"3":{"name":"(anonymous_3)","decl":{"start":{"line":30,"column":25},"end":{"line":30,"column":37}},"loc":{"start":{"line":30,"column":37},"end":{"line":50,"column":null}},"line":30},"4":{"name":"(anonymous_4)","decl":{"start":{"line":41,"column":29},"end":{"line":41,"column":34}},"loc":{"start":{"line":41,"column":39},"end":{"line":41,"column":64}},"line":41},"5":{"name":"(anonymous_5)","decl":{"start":{"line":67,"column":21},"end":{"line":67,"column":25}},"loc":{"start":{"line":68,"column":14},"end":{"line":106,"column":null}},"line":68},"6":{"name":"(anonymous_6)","decl":{"start":{"line":97,"column":44},"end":{"line":97,"column":59}},"loc":{"start":{"line":97,"column":59},"end":{"line":97,"column":85}},"line":97},"7":{"name":"(anonymous_7)","decl":{"start":{"line":100,"column":44},"end":{"line":100,"column":59}},"loc":{"start":{"line":100,"column":59},"end":{"line":100,"column":91}},"line":100},"8":{"name":"(anonymous_8)","decl":{"start":{"line":116,"column":64},"end":{"line":116,"column":74}},"loc":{"start":{"line":116,"column":79},"end":{"line":116,"column":137}},"line":116},"9":{"name":"(anonymous_9)","decl":{"start":{"line":117,"column":70},"end":{"line":117,"column":80}},"loc":{"start":{"line":117,"column":85},"end":{"line":117,"column":146}},"line":117},"10":{"name":"(anonymous_10)","decl":{"start":{"line":118,"column":79},"end":{"line":118,"column":89}},"loc":{"start":{"line":118,"column":94},"end":{"line":118,"column":153}},"line":118},"11":{"name":"(anonymous_11)","decl":{"start":{"line":119,"column":70},"end":{"line":119,"column":80}},"loc":{"start":{"line":119,"column":85},"end":{"line":119,"column":146}},"line":119},"12":{"name":"(anonymous_12)","decl":{"start":{"line":120,"column":64},"end":{"line":120,"column":74}},"loc":{"start":{"line":120,"column":79},"end":{"line":120,"column":137}},"line":120},"13":{"name":"(anonymous_13)","decl":{"start":{"line":123,"column":36},"end":{"line":123,"column":51}},"loc":{"start":{"line":123,"column":51},"end":{"line":123,"column":78}},"line":123}},"branchMap":{"0":{"loc":{"start":{"line":31,"column":4},"end":{"line":31,"column":null}},"type":"if","locations":[{"start":{"line":31,"column":4},"end":{"line":31,"column":null}},{"start":{},"end":{}}],"line":31},"1":{"loc":{"start":{"line":32,"column":4},"end":{"line":35,"column":null}},"type":"if","locations":[{"start":{"line":32,"column":4},"end":{"line":35,"column":null}},{"start":{},"end":{}}],"line":32},"2":{"loc":{"start":{"line":32,"column":8},"end":{"line":32,"column":123}},"type":"binary-expr","locations":[{"start":{"line":32,"column":8},"end":{"line":32,"column":31}},{"start":{"line":32,"column":31},"end":{"line":32,"column":53}},{"start":{"line":32,"column":53},"end":{"line":32,"column":78}},{"start":{"line":32,"column":78},"end":{"line":32,"column":103}},{"start":{"line":32,"column":103},"end":{"line":32,"column":123}}],"line":32},"3":{"loc":{"start":{"line":70,"column":19},"end":{"line":73,"column":null}},"type":"cond-expr","locations":[{"start":{"line":71,"column":20},"end":{"line":73,"column":21}},{"start":{"line":73,"column":20},"end":{"line":73,"column":null}}],"line":70},"4":{"loc":{"start":{"line":78,"column":19},"end":{"line":81,"column":null}},"type":"cond-expr","locations":[{"start":{"line":79,"column":20},"end":{"line":79,"column":null}},{"start":{"line":81,"column":20},"end":{"line":81,"column":null}}],"line":78},"5":{"loc":{"start":{"line":83,"column":19},"end":{"line":88,"column":null}},"type":"binary-expr","locations":[{"start":{"line":83,"column":19},"end":{"line":83,"column":45}},{"start":{"line":83,"column":45},"end":{"line":83,"column":null}},{"start":{"line":84,"column":20},"end":{"line":88,"column":null}}],"line":83},"6":{"loc":{"start":{"line":90,"column":104},"end":{"line":90,"column":158}},"type":"cond-expr","locations":[{"start":{"line":90,"column":136},"end":{"line":90,"column":148}},{"start":{"line":90,"column":148},"end":{"line":90,"column":158}}],"line":90},"7":{"loc":{"start":{"line":95,"column":19},"end":{"line":103,"column":null}},"type":"binary-expr","locations":[{"start":{"line":95,"column":19},"end":{"line":95,"column":null}},{"start":{"line":96,"column":20},"end":{"line":103,"column":null}}],"line":95},"8":{"loc":{"start":{"line":112,"column":7},"end":{"line":126,"column":null}},"type":"binary-expr","locations":[{"start":{"line":112,"column":7},"end":{"line":112,"column":null}},{"start":{"line":113,"column":8},"end":{"line":126,"column":null}}],"line":112}},"s":{"0":1,"1":9,"2":9,"3":9,"4":1,"5":9,"6":9,"7":9,"8":0,"9":0,"10":0,"11":0,"12":0,"13":0,"14":0,"15":0,"16":9,"17":1,"18":0,"19":1,"20":0,"21":0,"22":1,"23":1,"24":1,"25":1,"26":1,"27":1,"28":1,"29":1,"30":1,"31":1,"32":1,"33":1,"34":0,"35":9,"36":8,"37":0,"38":1,"39":1,"40":1,"41":1,"42":1,"43":1,"44":0},"f":{"0":9,"1":1,"2":0,"3":1,"4":1,"5":8,"6":0,"7":1,"8":1,"9":1,"10":1,"11":1,"12":1,"13":0},"b":{"0":[0,1],"1":[0,1],"2":[1,1,1,1,1],"3":[0,8],"4":[8,0],"5":[8,0,0],"6":[0,8],"7":[8,8],"8":[9,6]},"meta":{"lastBranch":9,"lastFunction":14,"lastStatement":45,"seen":{"s:6:13:130:Infinity":0,"f:6:13:6:46":0,"s:7:19:7:Infinity":1,"s:8:18:8:Infinity":2,"s:10:2:12:Infinity":3,"f:10:2:10:18":1,"s:11:4:11:Infinity":4,"s:14:27:14:Infinity":5,"s:15:23:15:Infinity":6,"s:17:24:28:Infinity":7,"f:17:24:17:31":2,"s:18:4:27:Infinity":8,"s:19:30:19:Infinity":9,"s:20:32:20:Infinity":10,"s:21:26:21:Infinity":11,"s:22:28:22:Infinity":12,"s:23:6:23:Infinity":13,"s:24:6:24:Infinity":14,"s:26:6:26:Infinity":15,"s:30:25:50:Infinity":16,"f:30:25:30:37":3,"b:31:4:31:Infinity:undefined:undefined:undefined:undefined":0,"s:31:4:31:Infinity":17,"s:31:27:31:Infinity":18,"b:32:4:35:Infinity:undefined:undefined:undefined:undefined":1,"s:32:4:35:Infinity":19,"b:32:8:32:31:32:31:32:53:32:53:32:78:32:78:32:103:32:103:32:123":2,"s:33:6:33:Infinity":20,"s:34:6:34:Infinity":21,"s:36:4:49:Infinity":22,"s:37:30:37:Infinity":23,"s:38:32:38:Infinity":24,"s:39:26:39:Infinity":25,"s:40:28:40:Infinity":26,"s:41:21:41:Infinity":27,"f:41:29:41:34":4,"s:41:39:41:64":28,"s:42:24:42:Infinity":29,"s:43:6:43:Infinity":30,"s:44:6:44:Infinity":31,"s:45:6:45:Infinity":32,"s:46:6:46:Infinity":33,"s:48:6:48:Infinity":34,"s:52:2:128:Infinity":35,"f:67:21:67:25":5,"s:68:14:106:Infinity":36,"b:71:20:73:21:73:20:73:Infinity":3,"b:79:20:79:Infinity:81:20:81:Infinity":4,"b:83:19:83:45:83:45:83:Infinity:84:20:88:Infinity":5,"b:90:136:90:148:90:148:90:158":6,"b:95:19:95:Infinity:96:20:103:Infinity":7,"f:97:44:97:59":6,"s:97:59:97:85":37,"f:100:44:100:59":7,"s:100:59:100:91":38,"b:112:7:112:Infinity:113:8:126:Infinity":8,"f:116:64:116:74":8,"s:116:79:116:137":39,"f:117:70:117:80":9,"s:117:85:117:146":40,"f:118:79:118:89":10,"s:118:94:118:153":41,"f:119:70:119:80":11,"s:119:85:119:146":42,"f:120:64:120:74":12,"s:120:79:120:137":43,"f:123:36:123:51":13,"s:123:51:123:78":44},"fnNames":{}}}
,"/Users/davidcutura/Projects/ReactTicketing/reactticket/src/components/admin/TicketTypeEditor.tsx": {"path":"/Users/davidcutura/Projects/ReactTicketing/reactticket/src/components/admin/TicketTypeEditor.tsx","statementMap":{"0":{"start":{"line":6,"column":13},"end":{"line":71,"column":null}},"1":{"start":{"line":22,"column":4},"end":{"line":23,"column":null}},"2":{"start":{"line":25,"column":2},"end":{"line":69,"column":null}},"3":{"start":{"line":29,"column":69},"end":{"line":29,"column":105}},"4":{"start":{"line":46,"column":37},"end":{"line":46,"column":64}},"5":{"start":{"line":47,"column":14},"end":{"line":59,"column":null}}},"fnMap":{"0":{"name":"(anonymous_0)","decl":{"start":{"line":6,"column":13},"end":{"line":6,"column":48}},"loc":{"start":{"line":6,"column":48},"end":{"line":71,"column":null}},"line":6},"1":{"name":"(anonymous_1)","decl":{"start":{"line":29,"column":54},"end":{"line":29,"column":64}},"loc":{"start":{"line":29,"column":69},"end":{"line":29,"column":105}},"line":29},"2":{"name":"(anonymous_2)","decl":{"start":{"line":46,"column":25},"end":{"line":46,"column":32}},"loc":{"start":{"line":46,"column":37},"end":{"line":46,"column":64}},"line":46},"3":{"name":"(anonymous_3)","decl":{"start":{"line":46,"column":66},"end":{"line":46,"column":71}},"loc":{"start":{"line":47,"column":14},"end":{"line":59,"column":null}},"line":47}},"branchMap":{"0":{"loc":{"start":{"line":46,"column":37},"end":{"line":46,"column":64}},"type":"binary-expr","locations":[{"start":{"line":46,"column":37},"end":{"line":46,"column":53}},{"start":{"line":46,"column":53},"end":{"line":46,"column":64}}],"line":46}},"s":{"0":1,"1":1,"2":1,"3":0,"4":1,"5":1},"f":{"0":1,"1":0,"2":1,"3":1},"b":{"0":[1,1]},"meta":{"lastBranch":1,"lastFunction":4,"lastStatement":6,"seen":{"s:6:13:71:Infinity":0,"f:6:13:6:48":0,"s:22:4:23:Infinity":1,"s:25:2:69:Infinity":2,"f:29:54:29:64":1,"s:29:69:29:105":3,"f:46:25:46:32":2,"s:46:37:46:64":4,"b:46:37:46:53:46:53:46:64":0,"f:46:66:46:71":3,"s:47:14:59:Infinity":5},"fnNames":{}}}
,"/Users/davidcutura/Projects/ReactTicketing/reactticket/src/components/admin/TicketTypeForm.tsx": {"path":"/Users/davidcutura/Projects/ReactTicketing/reactticket/src/components/admin/TicketTypeForm.tsx","statementMap":{"0":{"start":{"line":11,"column":13},"end":{"line":48,"column":null}},"1":{"start":{"line":16,"column":2},"end":{"line":46,"column":null}},"2":{"start":{"line":18,"column":132},"end":{"line":18,"column":182}},"3":{"start":{"line":22,"column":36},"end":{"line":22,"column":null}},"4":{"start":{"line":24,"column":38},"end":{"line":24,"column":null}},"5":{"start":{"line":29,"column":78},"end":{"line":29,"column":131}},"6":{"start":{"line":30,"column":78},"end":{"line":30,"column":131}},"7":{"start":{"line":35,"column":76},"end":{"line":35,"column":127}},"8":{"start":{"line":36,"column":76},"end":{"line":36,"column":127}},"9":{"start":{"line":39,"column":149},"end":{"line":39,"column":218}},"10":{"start":{"line":41,"column":72},"end":{"line":41,"column":127}}},"fnMap":{"0":{"name":"(anonymous_0)","decl":{"start":{"line":11,"column":13},"end":{"line":11,"column":62}},"loc":{"start":{"line":15,"column":6},"end":{"line":48,"column":null}},"line":15},"1":{"name":"(anonymous_1)","decl":{"start":{"line":18,"column":117},"end":{"line":18,"column":127}},"loc":{"start":{"line":18,"column":132},"end":{"line":18,"column":182}},"line":18},"2":{"name":"(anonymous_2)","decl":{"start":{"line":22,"column":10},"end":{"line":22,"column":26}},"loc":{"start":{"line":22,"column":36},"end":{"line":22,"column":null}},"line":22},"3":{"name":"(anonymous_3)","decl":{"start":{"line":24,"column":10},"end":{"line":24,"column":29}},"loc":{"start":{"line":24,"column":38},"end":{"line":24,"column":null}},"line":24},"4":{"name":"(anonymous_4)","decl":{"start":{"line":29,"column":63},"end":{"line":29,"column":73}},"loc":{"start":{"line":29,"column":78},"end":{"line":29,"column":131}},"line":29},"5":{"name":"(anonymous_5)","decl":{"start":{"line":30,"column":63},"end":{"line":30,"column":73}},"loc":{"start":{"line":30,"column":78},"end":{"line":30,"column":131}},"line":30},"6":{"name":"(anonymous_6)","decl":{"start":{"line":35,"column":61},"end":{"line":35,"column":71}},"loc":{"start":{"line":35,"column":76},"end":{"line":35,"column":127}},"line":35},"7":{"name":"(anonymous_7)","decl":{"start":{"line":36,"column":61},"end":{"line":36,"column":71}},"loc":{"start":{"line":36,"column":76},"end":{"line":36,"column":127}},"line":36},"8":{"name":"(anonymous_8)","decl":{"start":{"line":39,"column":134},"end":{"line":39,"column":144}},"loc":{"start":{"line":39,"column":149},"end":{"line":39,"column":218}},"line":39},"9":{"name":"(anonymous_9)","decl":{"start":{"line":41,"column":57},"end":{"
[...]
":83,"column":8},"end":{"line":97,"column":null}},"31":{"start":{"line":84,"column":4},"end":{"line":84,"column":null}},"32":{"start":{"line":84,"column":15},"end":{"line":84,"column":null}},"33":{"start":{"line":85,"column":14},"end":{"line":85,"column":null}},"34":{"start":{"line":86,"column":4},"end":{"line":86,"column":null}},"35":{"start":{"line":86,"column":28},"end":{"line":86,"column":null}},"36":{"start":{"line":88,"column":4},"end":{"line":96,"column":null}},"37":{"start":{"line":99,"column":2},"end":{"line":115,"column":null}}},"fnMap":{"0":{"name":"(anonymous_0)","decl":{"start":{"line":17,"column":13},"end":{"line":17,"column":41}},"loc":{"start":{"line":17,"column":41},"end":{"line":116,"column":null}},"line":17},"1":{"name":"(anonymous_1)","decl":{"start":{"line":35,"column":24},"end":{"line":35,"column":31}},"loc":{"start":{"line":35,"column":58},"end":{"line":40,"column":null}},"line":35},"2":{"name":"(anonymous_2)","decl":{"start":{"line":42,"column":8},"end":{"line":42,"column":21}},"loc":{"start":{"line":42,"column":48},"end":{"line":51,"column":null}},"line":42},"3":{"name":"(anonymous_3)","decl":{"start":{"line":53,"column":25},"end":{"line":53,"column":32}},"loc":{"start":{"line":53,"column":59},"end":{"line":63,"column":null}},"line":53},"4":{"name":"(anonymous_4)","decl":{"start":{"line":65,"column":24},"end":{"line":65,"column":36}},"loc":{"start":{"line":65,"column":36},"end":{"line":81,"column":null}},"line":65},"5":{"name":"(anonymous_5)","decl":{"start":{"line":83,"column":8},"end":{"line":83,"column":37}},"loc":{"start":{"line":83,"column":62},"end":{"line":97,"column":null}},"line":83}},"branchMap":{"0":{"loc":{"start":{"line":46,"column":21},"end":{"line":46,"column":null}},"type":"cond-expr","locations":[{"start":{"line":46,"column":54},"end":{"line":46,"column":99}},{"start":{"line":46,"column":99},"end":{"line":46,"column":null}}],"line":46},"1":{"loc":{"start":{"line":46,"column":99},"end":{"line":46,"column":null}},"type":"cond-expr","locations":[{"start":{"line":46,"column":116},"end":{"line":46,"column":170}},{"start":{"line":46,"column":170},"end":{"line":46,"column":null}}],"line":46},"2":{"loc":{"start":{"line":47,"column":21},"end":{"line":47,"column":null}},"type":"cond-expr","locations":[{"start":{"line":47,"column":54},"end":{"line":47,"column":100}},{"start":{"line":47,"column":100},"end":{"line":47,"column":null}}],"line":47},"3":{"loc":{"start":{"line":47,"column":100},"end":{"line":47,"column":null}},"type":"cond-expr","locations":[{"start":{"line":47,"column":117},"end":{"line":47,"column":172}},{"start":{"line":47,"column":172},"end":{"line":47,"column":null}}],"line":47},"4":{"loc":{"start":{"line":48,"column":22},"end":{"line":48,"column":null}},"type":"cond-expr","locations":[{"start":{"line":48,"column":56},"end":{"line":48,"column":102}},{"start":{"line":48,"column":102},"end":{"line":48,"column":null}}],"line":48},"5":{"loc":{"start":{"line":48,"column":102},"end":{"line":48,"column":null}},"type":"cond-expr","locations":[{"start":{"line":48,"column":120},"end":{"line":48,"column":175}},{"start":{"line":48,"column":175},"end":{"line":48,"column":null}}],"line":48},"6":{"loc":{"start":{"line":49,"column":22},"end":{"line":49,"column":null}},"type":"cond-expr","locations":[{"start":{"line":49,"column":56},"end":{"line":49,"column":103}},{"start":{"line":49,"column":103},"end":{"line":49,"column":null}}],"line":49},"7":{"loc":{"start":{"line":49,"column":103},"end":{"line":49,"column":null}},"type":"cond-expr","locations":[{"start":{"line":49,"column":121},"end":{"line":49,"column":177}},{"start":{"line":49,"column":177},"end":{"line":49,"column":null}}],"line":49},"8":{"loc":{"start":{"line":56,"column":17},"end":{"line":56,"column":null}},"type":"cond-expr","locations":[{"start":{"line":56,"column":43},"end":{"line":56,"column":111}},{"start":{"line":56,"column":111},"end":{"line":56,"column":null}}],"line":56},"9":{"loc":{"start":{"line":57,"column":18},"end":{"line":57,"column":null}},"type":"cond-expr","locations":[{"start":{"line":57,"column":45},"end":{"line":57,"column":115}},{"start":{"line":57,"column":115},"end":{"line":57,"column":null}}],"line":57},"10":{"loc":{"start":{"line":66,"column":4},"end":{"line":66,"column":null}},"type":"if","locations":[{"start":{"line":66,"column":4},"end":{"line":66,"column":null}},{"start":{},"end":{}}],"line":66},"11":{"loc":{"start":{"line":74,"column":17},"end":{"line":74,"column":null}},"type":"cond-expr","locations":[{"start":{"line":74,"column":37},"end":{"line":74,"column":93}},{"start":{"line":74,"column":93},"end":{"line":74,"column":null}}],"line":74},"12":{"loc":{"start":{"line":75,"column":18},"end":{"line":75,"column":null}},"type":"cond-expr","locations":[{"start":{"line":75,"column":36},"end":{"line":75,"column":88}},{"start":{"line":75,"column":88},"end":{"line":75,"column":null}}],"line":75},"13":{"loc":{"start":{"line":84,"column":4},"end":{"line":84,"column":null}},"type":"if","locations":[{"start":{"line":84,"column":4},"end":{"line":84,"column":null}},{"start":{},"end":{}}],"line":84},"14":{"loc":{"start":{"line":85,"column":14},"end":{"line":85,"column":null}},"type":"cond-expr","locations":[{"start":{"line":85,"column":37},"end":{"line":85,"column":44}},{"start":{"line":85,"column":44},"end":{"line":85,"column":null}}],"line":85},"15":{"loc":{"start":{"line":86,"column":4},"end":{"line":86,"column":null}},"type":"if","locations":[{"start":{"line":86,"column":4},"end":{"line":86,"column":null}},{"start":{},"end":{}}],"line":86}},"s":{"0":1,"1":10,"2":10,"3":10,"4":10,"5":10,"6":10,"7":10,"8":1,"9":1,"10":1,"11":1,"12":10,"13":1,"14":1,"15":1,"16":10,"17":1,"18":1,"19":1,"20":1,"21":1,"22":10,"23":1,"24":0,"25":1,"26":1,"27":1,"28":1,"29":1,"30":10,"31":2,"32":1,"33":1,"34":2,"35":0,"36":1,"37":10},"f":{"0":10,"1":1,"2":1,"3":1,"4":1,"5":2},"b":{"0":[0,1],"1":[0,1],"2":[0,1],"3":[0,1],"4":[0,1],"5":[0,1],"6":[0,1],"7":[0,1],"8":[0,1],"9":[0,1],"10":[0,1],"11":[0,1],"12":[0,1],"13":[1,1],"14":[1,0],"15":[0,2]},"meta":{"lastBranch":16,"lastFunction":6,"lastStatement":38,"seen":{"s:17:13:116:Infinity":0,"f:17:13:17:41":0,"s:18:39:18:Infinity":1,"s:20:18:24:Infinity":2,"s:26:20:26:Infinity":3,"s:27:21:27:Infinity":4,"s:28:20:31:Infinity":5,"s:33:23:33:Infinity":6,"s:35:24:40:Infinity":7,"f:35:24:35:31":1,"s:36:24:36:Infinity":8,"s:37:4:37:Infinity":9,"s:38:25:38:Infinity":10,"s:39:4:39:Infinity":11,"s:42:8:51:Infinity":12,"f:42:8:42:21":2,"s:43:4:43:Infinity":13,"s:44:4:44:Infinity":14,"s:45:4:50:Infinity":15,"b:46:54:46:99:46:99:46:Infinity":0,"b:46:116:46:170:46:170:46:Infinity":1,"b:47:54:47:100:47:100:47:Infinity":2,"b:47:117:47:172:47:172:47:Infinity":3,"b:48:56:48:102:48:102:48:Infinity":4,"b:48:120:48:175:48:175:48:Infinity":5,"b:49:56:49:103:49:103:49:Infinity":6,"b:49:121:49:177:49:177:49:Infinity":7,"s:53:25:63:Infinity":16,"f:53:25:53:32":3,"s:54:42:58:Infinity":17,"b:56:43:56:111:56:111:56:Infinity":8,"b:57:45:57:115:57:115:57:Infinity":9,"s:59:4:59:Infinity":18,"s:60:25:60:Infinity":19,"s:61:4:61:Infinity":20,"s:62:4:62:Infinity":21,"s:65:24:81:Infinity":22,"f:65:24:65:36":4,"b:66:4:66:Infinity:undefined:undefined:undefined:undefined":10,"s:66:4:66:Infinity":23,"s:66:23:66:Infinity":24,"s:67:35:76:Infinity":25,"b:74:37:74:93:74:93:74:Infinity":11,"b:75:36:75:88:75:88:75:Infinity":12,"s:77:4:77:Infinity":26,"s:78:25:78:Infinity":27,"s:79:4:79:Infinity":28,"s:80:4:80:Infinity":29,"s:83:8:97:Infinity":30,"f:83:8:83:37":5,"b:84:4:84:Infinity:undefined:undefined:undefined:undefined":13,"s:84:4:84:Infinity":31,"s:84:15:84:Infinity":32,"s:85:14:85:Infinity":33,"b:85:37:85:44:85:44:85:Infinity":14,"b:86:4:86:Infinity:undefined:undefined:undefined:undefined":15,"s:86:4:86:Infinity":34,"s:86:28:86:Infinity":35,"s:88:4:96:Infinity":36,"s:99:2:115:Infinity":37},"fnNames":{}}}
,"/Users/davidcutura/Projects/ReactTicketing/reactticket/src/hooks/useVoucher.ts": {"path":"/Users/davidcutura/Projects/ReactTicketing/reactticket/src/hooks/useVoucher.ts","statementMap":{"0":{"start":{"line":4,"column":13},"end":{"line":52,"column":null}},"1":{"start":{"line":5,"column":43},"end":{"line":5,"column":null}},"2":{"start":{"line":6,"column":20},"end":{"line":6,"column":null}},"3":{"start":{"line":7,"column":16},"end":{"line":7,"column":null}},"4":{"start":{"line":9,"column":8},"end":{"line":38,"column":null}},"5":{"start":{"line":10,"column":4},"end":{"line":10,"column":null}},"6":{"start":{"line":11,"column":4},"end":{"line":11,"column":null}},"7":{"start":{"line":13,"column":4},"end":{"line":17,"column":null}},"8":{"start":{"line":14,"column":6},"end":{"line":14,"column":null}},"9":{"start":{"line":15,"column":6},"end":{"line":15,"column":null}},"10":{"start":{"line":16,"column":6},"end":{"line":16,"column":null}},"11":{"start":{"line":19,"column":4},"end":{"line":37,"column":null}},"12":{"start":{"line":20,"column":20},"end":{"line":20,"column":null}},"13":{"start":{"line":21,"column":6},"end":{"line":30,"column":null}},"14":{"start":{"line":22,"column":8},"end":{"line":22,"column":null}},"15":{"start":{"line":23,"column":8},"end":{"line":23,"column":null}},"16":{"start":{"line":24,"column":8},"end":{"line":24,"column":null}},"17":{"start":{"line":25,"column":8},"end":{"line":25,"column":null}},"18":{"start":{"line":27,"column":8},"end":{"line":27,"column":null}},"19":{"start":{"line":28,"column":8},"end":{"line":28,"column":null}},"20":{"start":{"line":29,"column":8},"end":{"line":29,"column":null}},"21":{"start":{"line":32,"column":6},"end":{"line":32,"column":null}},"22":{"start":{"line":33,"column":6},"end":{"line":33,"column":null}},"23":{"start":{"line":34,"column":6},"end":{"line":34,"column":null}},"24":{"start":{"line":36,"column":6},"end":{"line":36,"column":null}},"25":{"start":{"line":40,"column":8},"end":{"line":43,"column":null}},"26":{"start":{"line":41,"column":4},"end":{"line":41,"column":null}},"27":{"start":{"line":42,"column":4},"end":{"line":42,"column":null}},"28":{"start":{"line":45,"column":2},"end":{"line":51,"column":null}}},"fnMap":{"0":{"name":"(anonymous_0)","decl":{"start":{"line":4,"column":13},"end":{"line":4,"column":32}},"loc":{"start":{"line":4,"column":32},"end":{"line":52,"column":null}},"line":4},"1":{"name":"(anonymous_1)","decl":{"start":{"line":9,"column":35},"end":{"line":9,"column":42}},"loc":{"start":{"line":9,"column":59},"end":{"line":38,"column":5}},"line":9},"2":{"name":"(anonymous_2)","decl":{"start":{"line":40,"column":24},"end":{"line":40,"column":42}},"loc":{"start":{"line":40,"column":42},"end":{"line":43,"column":5}},"line":40}},"branchMap":{"0":{"loc":{"start":{"line":13,"column":4},"end":{"line":17,"column":null}},"type":"if","locations":[{"start":{"line":13,"column":4},"end":{"line":17,"column":null}},{"start":{},"end":{}}],"line":13},"1":{"loc":{"start":{"line":21,"column":6},"end":{"line":30,"column":null}},"type":"if","locations":[{"start":{"line":21,"column":6},"end":{"line":30,"column":null}},{"start":{"line":26,"column":13},"end":{"line":30,"column":null}}],"line":21},"2":{"loc":{"start":{"line":21,"column":10},"end":{"line":21,"column":104}},"type":"binary-expr","locations":[{"start":{"line":21,"column":10},"end":{"line":21,"column":20}},{"start":{"line":21,"column":20},"end":{"line":21,"column":38}},{"start":{"line":21,"column":38},"end":{"line":21,"column":69}},{"start":{"line":21,"column":69},"end":{"line":21,"column":104}}],"line":21}},"s":{"0":4,"1":8,"2":8,"3":8,"4":8,"5":2,"6":2,"7":2,"8":0,"9":0,"10":0,"11":2,"12":2,"13":2,"14":1,"15":1,"16":1,"17":1,"18":1,"19":1,"20":1,"21":0,"22":0,"23":0,"24":2,"25":8,"26":1,"27":1,"28":8},"f":{"0":8,"1":2,"2":1},"b":{"0":[0,2],"1":[1,1],"2":[2,1,1,0]},"meta":{"lastBranch":3,"lastFunction":3,"lastStatement":29,"seen":{"s:4:13:52:Infinity":0,"f:4:13:4:32":0,"s:5:43:5:Infinity":1,"s:6:20:6:Infinity":2,"s:7:16:7:Infinity":3,"s:9:8:38:Infinity":4,"f:9:35:9:42":1,"s:10:4:10:Infinity":5,"s:11:4:11:Infinity":6,"b:13:4:17:Infinity:undefined:undefined:undefined:undefined":0,"s:13:4:17:Infinity":7,"s:14:6:14:Infinity":8,"s:15:6:15:Infinity":9,"s:16:6:16:Infinity":10,"s:19:4:37:Infinity":11,"s:20:20:20:Infinity":12,"b:21:6:30:Infinity:26:13:30:Infinity":1,"s:21:6:30:Infinity":13,"b:21:10:21:20:21:20:21:38:21:38:21:69:21:69:21:104":2,"s:22:8:22:Infinity":14,"s:23:8:23:Infinity":15,"s:24:8:24:Infinity":16,"s:25:8:25:Infinity":17,"s:27:8:27:Infinity":18,"s:28:8:28:Infinity":19,"s:29:8:29:Infinity":20,"s:32:6:32:Infinity":21,"s:33:6:33:Infinity":22,"s:34:6:34:Infinity":23,"s:36:6:36:Infinity":24,"s:40:8:43:Infinity":25,"f:40:24:40:42":2,"s:41:4:41:Infinity":26,"s:42:4:42:Infinity":27,"s:45:2:51:Infinity":28},"fnNames":{}}}
,"/Users/davidcutura/Projects/ReactTicketing/reactticket/src/utils/useCartTotals.ts": {"path":"/Users/davidcutura/Projects/ReactTicketing/reactticket/src/utils/useCartTotals.ts","statementMap":{"0":{"start":{"line":6,"column":13},"end":{"line":49,"column":null}},"1":{"start":{"line":11,"column":4},"end":{"line":48,"column":null}},"2":{"start":{"line":12,"column":23},"end":{"line":12,"column":null}},"3":{"start":{"line":13,"column":8},"end":{"line":18,"column":null}},"4":{"start":{"line":14,"column":25},"end":{"line":14,"column":null}},"5":{"start":{"line":14,"column":47},"end":{"line":14,"column":73}},"6":{"start":{"line":15,"column":12},"end":{"line":17,"column":null}},"7":{"start":{"line":16,"column":16},"end":{"line":16,"column":null}},"8":{"start":{"line":20,"column":23},"end":{"line":20,"column":null}},"9":{"start":{"line":21,"column":8},"end":{"line":39,"column":null}},"10":{"start":{"line":22,"column":37},"end":{"line":24,"column":null}},"11":{"start":{"line":23,"column":55},"end":{"line":23,"column":106}},"12":{"start":{"line":26,"column":39},"end":{"line":32,"column":null}},"13":{"start":{"line":27,"column":29},"end":{"line":27,"column":null}},"14":{"start":{"line":27,"column":51},"end":{"line":27,"column":77}},"15":{"start":{"line":28,"column":16},"end":{"line":30,"column":null}},"16":{"start":{"line":29,"column":20},"end":{"line":29,"column":null}},"17":{"start":{"line":31,"column":16},"end":{"line":31,"column":null}},"18":{"start":{"line":34,"column":12},"end":{"line":38,"column":null}},"19":{"start":{"line":35,"column":16},"end":{"line":35,"column":null}},"20":{"start":{"line":36,"column":19},"end":{"line":38,"column":null}},"21":{"start":{"line":37,"column":16},"end":{"line":37,"column":null}},"22":{"start":{"line":41,"column":22},"end":{"line":41,"column":null}},"23":{"start":{"line":43,"column":8},"end":{"line":47,"column":null}}},"fnMap":{"0":{"name":"(anonymous_0)","decl":{"start":{"line":6,"column":13},"end":{"line":6,"column":null}},"loc":{"start":{"line":10,"column":5},"end":{"line":49,"column":null}},"line":10},"1":{"name":"(anonymous_1)","decl":{"start":{"line":11,"column":11},"end":{"line":11,"column":25}},"loc":{"start":{"line":11,"column":25},"end":{"line":48,"column":7}},"line":11},"2":{"name":"(anonymous_2)","decl":{"start":{"line":13,"column":18},"end":{"line":13,"column":27}},"loc":{"start":{"line":13,"column":46},"end":{"line":18,"column":9}},"line":13},"3":{"name":"(anonymous_3)","decl":{"start":{"line":14,"column":37},"end":{"line":14,"column":42}},"loc":{"start":{"line":14,"column":47},"end":{"line":14,"column":73}},"line":14},"4":{"name":"(anonymous_4)","decl":{"start":{"line":23,"column":28},"end":{"line":23,"column":36}},"loc":{"start":{"line":23,"column":55},"end":{"line":23,"column":106}},"line":23},"5":{"name":"(anonymous_5)","decl":{"start":{"line":26,"column":55},"end":{"line":26,"column":63}},"loc":{"start":{"line":26,"column":95},"end":{"line":32,"column":15}},"line":26},"6":{"name":"(anonymous_6)","decl":{"start":{"line":27,"column":41},"end":{"line":27,"column":46}},"loc":{"start":{"line":27,"column":51},"end":{"line":27,"column":77}},"line":27}},"branchMap":{"0":{"loc":{"start":{"line":15,"column":12},"end":{"line":17,"column":null}},"type":"if","locations":[{"start":{"line":15,"column":12},"end":{"line":17,"column":null}},{"start":{},"end":{}}],"line":15},"1":{"loc":{"start":{"line":15,"column":16},"end":{"line":15,"column":54}},"type":"binary-expr","locations":[{"start":{"line":15,"column":16},"end":{"line":15,"column":24}},{"start":{"line":15,"column":24},"end":{"line":15,"column":54}}],"line":15},"2":{"loc":{"start":{"line":21,"column":8},"end":{"line":39,"column":null}},"type":"if","locations":[{"start":{"line":21,"column":8},"end":{"line":39,"column":null}},{"start":{},"end":{}}],"line":21},"3":{"loc":{"start":{"line":21,"column":12},"end":{"line":21,"column":49}},"type":"binary-expr","locations":[{"start":{"line":21,"column":12},"end":{"line":21,"column":28}},{"start":{"line":21,"column":28},"end":{"line":21,"column":49}}],"line":21},"4":{"loc":{"start":{"line":22,"column":37},"end":{"line":24,"column":null}},"type":"cond-expr","locations":[{"start":{"line":23,"column":18},"end":{"line":23,"column":null}},{"start":{"line":24,"column":18},"end":{"line":24,"column":null}}],"line":22},"5":{"loc":{"start":{"line":22,"column":37},"end":{"line":22,"column":null}},"type":"binary-expr","locations":[{"start":{"line":22,"column":37},"end":{"line":22,"column":63}},{"start":{"line":22,"column":63},"end":{"line":22,"column":null}}],"line":22},"6":{"loc":{"start":{"line":28,"column":16},"end":{"line":30,"column":null}},"type":"if","locations":[{"start":{"line":28,"column":16},"end":{"line":30,"column":null}},{"start":{},"end":{}}],"line":28},"7":{"loc":{"start":{"line":28,"column":20},"end":{"line":28,"column":58}},"type":"binary-expr","locations":[{"start":{"line":28,"column":20},"end":{"line":28,"column":28}},{"start":{"line":28,"column":28},"end":{"line":28,"column":58}}],"line":28},"8":{"loc":{"start":{"line":34,"column":12},"end":{"line":38,"column":null}},"type":"if","locations":[{"start":{"line":34,"column":12},"end":{"line":38,"column":null}},{"start":{"line":36,"column":19},"end":{"line":38,"column":null}}],"line":34},"9":{"loc":{"start":{"line":36,"column":19},"end":{"line":38,"column":null}},"type":"if","locations":[{"start":{"line":36,"column":19},"end":{"line":38,"column":null}},{"start":{},"end":{}}],"line":36},"10":{"loc":{"start":{"line":46,"column":24},"end":{"line":46,"column":null}},"type":"cond-expr","locations":[{"start":{"line":46,"column":36},"end":{"line":46,"column":44}},{"start":{"line":46,"column":44},"end":{"line":46,"column":null}}],"line":46}},"s":{"0":4,"1":7,"2":7,"3":7,"4":4,"5":4,"6":4,"7":4,"8":7,"9":7,"10":2,"11":0,"12":2,"13":2,"14":2,"15":2,"16":2,"17":0,"18":2,"19":1,"20":1,"21":1,"22":7,"23":7},"f":{"0":7,"1":7,"2":4,"3":4,"4":0,"5":2,"6":2},"b":{"0":[4,0],"1":[4,4],"2":[2,5],"3":[7,2],"4":[0,2],"5":[2,0],"6":[2,0],"7":[2,2],"8":[1,1],"9":[1,0],"10":[4,3]},"meta":{"lastBranch":11,"lastFunction":7,"lastStatement":24,"seen":{"s:6:13:49:Infinity":0,"f:6:13:6:Infinity":0,"s:11:4:48:Infinity":1,"f:11:11:11:25":1,"s:12:23:12:Infinity":2,"s:13:8:18:Infinity":3,"f:13:18:13:27":2,"s:14:25:14:Infinity":4,"f:14:37:14:42":3,"s:14:47:14:73":5,"b:15:12:17:Infinity:undefined:undefined:undefined:undefined":0,"s:15:12:17:Infinity":6,"b:15:16:15:24:15:24:15:54":1,"s:16:16:16:Infinity":7,"s:20:23:20:Infinity":8,"b:21:8:39:Infinity:undefined:undefined:undefined:undefined":2,"s:21:8:39:Infinity":9,"b:21:12:21:28:21:28:21:49":3,"s:22:37:24:Infinity":10,"b:23:18:23:Infinity:24:18:24:Infinity":4,"b:22:37:22:63:22:63:22:Infinity":5,"f:23:28:23:36":4,"s:23:55:23:106":11,"s:26:39:32:Infinity":12,"f:26:55:26:63":5,"s:27:29:27:Infinity":13,"f:27:41:27:46":6,"s:27:51:27:77":14,"b:28:16:30:Infinity:undefined:undefined:undefined:undefined":6,"s:28:16:30:Infinity":15,"b:28:20:28:28:28:28:28:58":7,"s:29:20:29:Infinity":16,"s:31:16:31:Infinity":17,"b:34:12:38:Infinity:36:19:38:Infinity":8,"s:34:12:38:Infinity":18,"s:35:16:35:Infinity":19,"b:36:19:38:Infinity:undefined:undefined:undefined:undefined":9,"s:36:19:38:Infinity":20,"s:37:16:37:Infinity":21,"s:41:22:41:Infinity":22,"s:43:8:47:Infinity":23,"b:46:36:46:44:46:44:46:Infinity":10},"fnNames":{}}}
}
